[2019-11-24 05:35:47.243] [nemo] [info] [engine/src/Controller.cpp:97] Used keyboard mapping from C:\Users\ZheCheng\Documents\code\githubs\renemo\asset\controller\player.json
[2019-11-24 05:35:51.023] [nemo] [debug] [engine/src/Controller.cpp:149] Key 18 pressed
[2019-11-24 05:35:51.024] [nemo] [debug] [engine/src/Controller.cpp:229] Found [Down] being pressed
[2019-11-24 05:35:51.055] [nemo] [debug] [engine/src/Controller.cpp:229] Found [Down] being pressed
[2019-11-24 05:35:51.088] [nemo] [debug] [engine/src/Controller.cpp:229] Found [Down] being pressed
[2019-11-24 05:35:51.122] [nemo] [debug] [engine/src/Controller.cpp:229] Found [Down] being pressed
[2019-11-24 05:35:51.155] [nemo] [debug] [engine/src/Controller.cpp:229] Found [Down] being pressed
[2019-11-24 05:35:51.189] [nemo] [debug] [engine/src/Controller.cpp:229] Found [Down] being pressed
[2019-11-24 05:35:51.222] [nemo] [debug] [engine/src/Controller.cpp:229] Found [Down] being pressed
[2019-11-24 05:35:51.255] [nemo] [debug] [engine/src/Controller.cpp:229] Found [Down] being pressed
[2019-11-24 05:35:51.289] [nemo] [debug] [engine/src/Controller.cpp:229] Found [Down] being pressed
[2019-11-24 05:35:51.323] [nemo] [debug] [engine/src/Controller.cpp:164] Key 18 released
[2019-11-24 05:35:51.720] [nemo] [debug] [engine/src/Controller.cpp:149] Key 3 pressed
[2019-11-24 05:35:51.720] [nemo] [debug] [engine/src/Controller.cpp:229] Found [Right] being pressed
[2019-11-24 05:35:51.752] [nemo] [debug] [engine/src/Controller.cpp:229] Found [Right] being pressed
[2019-11-24 05:35:51.785] [nemo] [debug] [engine/src/Controller.cpp:229] Found [Right] being pressed
[2019-11-24 05:35:51.818] [nemo] [debug] [engine/src/Controller.cpp:229] Found [Right] being pressed
[2019-11-24 05:35:51.851] [nemo] [debug] [engine/src/Controller.cpp:229] Found [Right] being pressed
[2019-11-24 05:35:51.884] [nemo] [debug] [engine/src/Controller.cpp:229] Found [Right] being pressed
[2019-11-24 05:35:51.917] [nemo] [debug] [engine/src/Controller.cpp:229] Found [Right] being pressed
[2019-11-24 05:35:51.951] [nemo] [debug] [engine/src/Controller.cpp:229] Found [Right] being pressed
[2019-11-24 05:35:51.984] [nemo] [debug] [engine/src/Controller.cpp:229] Found [Right] being pressed
[2019-11-24 05:35:52.017] [nemo] [debug] [engine/src/Controller.cpp:229] Found [Right] being pressed
[2019-11-24 05:35:52.050] [nemo] [debug] [engine/src/Controller.cpp:229] Found [Right] being pressed
[2019-11-24 05:35:52.083] [nemo] [debug] [engine/src/Controller.cpp:229] Found [Right] being pressed
[2019-11-24 05:35:52.117] [nemo] [debug] [engine/src/Controller.cpp:229] Found [Right] being pressed
[2019-11-24 05:35:52.151] [nemo] [debug] [engine/src/Controller.cpp:229] Found [Right] being pressed
[2019-11-24 05:35:52.184] [nemo] [debug] [engine/src/Controller.cpp:229] Found [Right] being pressed
[2019-11-24 05:35:52.218] [nemo] [debug] [engine/src/Controller.cpp:229] Found [Right] being pressed
[2019-11-24 05:35:52.251] [nemo] [debug] [engine/src/Controller.cpp:229] Found [Right] being pressed
[2019-11-24 05:35:52.284] [nemo] [debug] [engine/src/Controller.cpp:229] Found [Right] being pressed
[2019-11-24 05:35:52.317] [nemo] [debug] [engine/src/Controller.cpp:229] Found [Right] being pressed
[2019-11-24 05:35:52.350] [nemo] [debug] [engine/src/Controller.cpp:229] Found [Right] being pressed
[2019-11-24 05:35:52.383] [nemo] [debug] [engine/src/Controller.cpp:229] Found [Right] being pressed
[2019-11-24 05:35:52.416] [nemo] [debug] [engine/src/Controller.cpp:229] Found [Right] being pressed
[2019-11-24 05:35:52.450] [nemo] [debug] [engine/src/Controller.cpp:229] Found [Right] being pressed
[2019-11-24 05:35:52.484] [nemo] [debug] [engine/src/Controller.cpp:229] Found [Right] being pressed
[2019-11-24 05:35:52.518] [nemo] [debug] [engine/src/Controller.cpp:229] Found [Right] being pressed
[2019-11-24 05:35:52.552] [nemo] [debug] [engine/src/Controller.cpp:229] Found [Right] being pressed
[2019-11-24 05:35:52.585] [nemo] [debug] [engine/src/Controller.cpp:229] Found [Right] being pressed
[2019-11-24 05:35:52.618] [nemo] [debug] [engine/src/Controller.cpp:229] Found [Right] being pressed
[2019-11-24 05:35:52.651] [nemo] [debug] [engine/src/Controller.cpp:164] Key 3 released
[2019-11-24 05:35:52.752] [nemo] [debug] [engine/src/Controller.cpp:149] Key 18 pressed
[2019-11-24 05:35:52.753] [nemo] [debug] [engine/src/Controller.cpp:229] Found [Down] being pressed
[2019-11-24 05:35:52.785] [nemo] [debug] [engine/src/Controller.cpp:229] Found [Down] being pressed
[2019-11-24 05:35:52.818] [nemo] [debug] [engine/src/Controller.cpp:229] Found [Down] being pressed
[2019-11-24 05:35:52.851] [nemo] [debug] [engine/src/Controller.cpp:229] Found [Down] being pressed
[2019-11-24 05:35:52.885] [nemo] [debug] [engine/src/Controller.cpp:229] Found [Down] being pressed
[2019-11-24 05:35:52.918] [nemo] [debug] [engine/src/Controller.cpp:229] Found [Down] being pressed
[2019-11-24 05:35:52.950] [nemo] [debug] [engine/src/Controller.cpp:229] Found [Down] being pressed
[2019-11-24 05:35:52.983] [nemo] [debug] [engine/src/Controller.cpp:229] Found [Down] being pressed
[2019-11-24 05:35:53.017] [nemo] [debug] [engine/src/Controller.cpp:229] Found [Down] being pressed
[2019-11-24 05:35:53.051] [nemo] [debug] [engine/src/Controller.cpp:229] Found [Down] being pressed
[2019-11-24 05:35:53.085] [nemo] [debug] [engine/src/Controller.cpp:229] Found [Down] being pressed
[2019-11-24 05:35:53.119] [nemo] [debug] [engine/src/Controller.cpp:229] Found [Down] being pressed
[2019-11-24 05:35:53.153] [nemo] [debug] [engine/src/Controller.cpp:229] Found [Down] being pressed
[2019-11-24 05:35:53.187] [nemo] [debug] [engine/src/Controller.cpp:229] Found [Down] being pressed
[2019-11-24 05:35:53.220] [nemo] [debug] [engine/src/Controller.cpp:229] Found [Down] being pressed
[2019-11-24 05:35:53.253] [nemo] [debug] [engine/src/Controller.cpp:229] Found [Down] being pressed
[2019-11-24 05:35:53.286] [nemo] [debug] [engine/src/Controller.cpp:229] Found [Down] being pressed
[2019-11-24 05:35:53.320] [nemo] [debug] [engine/src/Controller.cpp:229] Found [Down] being pressed
[2019-11-24 05:35:53.353] [nemo] [debug] [engine/src/Controller.cpp:229] Found [Down] being pressed
[2019-11-24 05:35:53.387] [nemo] [debug] [engine/src/Controller.cpp:229] Found [Down] being pressed
[2019-11-24 05:35:53.420] [nemo] [debug] [engine/src/Controller.cpp:229] Found [Down] being pressed
[2019-11-24 05:35:53.454] [nemo] [debug] [engine/src/Controller.cpp:229] Found [Down] being pressed
[2019-11-24 05:35:53.487] [nemo] [debug] [engine/src/Controller.cpp:229] Found [Down] being pressed
[2019-11-24 05:35:53.521] [nemo] [debug] [engine/src/Controller.cpp:229] Found [Down] being pressed
[2019-11-24 05:35:53.555] [nemo] [debug] [engine/src/Controller.cpp:229] Found [Down] being pressed
[2019-11-24 05:35:53.588] [nemo] [debug] [engine/src/Controller.cpp:229] Found [Down] being pressed
[2019-11-24 05:35:53.621] [nemo] [debug] [engine/src/Controller.cpp:229] Found [Down] being pressed
[2019-11-24 05:35:53.654] [nemo] [debug] [engine/src/Controller.cpp:229] Found [Down] being pressed
[2019-11-24 05:35:53.688] [nemo] [debug] [engine/src/Controller.cpp:229] Found [Down] being pressed
[2019-11-24 05:35:53.721] [nemo] [debug] [engine/src/Controller.cpp:229] Found [Down] being pressed
[2019-11-24 05:35:53.754] [nemo] [debug] [engine/src/Controller.cpp:229] Found [Down] being pressed
[2019-11-24 05:35:53.787] [nemo] [debug] [engine/src/Controller.cpp:229] Found [Down] being pressed
[2019-11-24 05:35:53.821] [nemo] [debug] [engine/src/Controller.cpp:229] Found [Down] being pressed
[2019-11-24 05:35:53.854] [nemo] [debug] [engine/src/Controller.cpp:229] Found [Down] being pressed
[2019-11-24 05:35:53.888] [nemo] [debug] [engine/src/Controller.cpp:229] Found [Down] being pressed
[2019-11-24 05:35:53.922] [nemo] [debug] [engine/src/Controller.cpp:149] Key 3 pressed
[2019-11-24 05:35:53.923] [nemo] [debug] [engine/src/Controller.cpp:229] Found [Right] being pressed
[2019-11-24 05:35:53.956] [nemo] [debug] [engine/src/Controller.cpp:229] Found [Right] being pressed
[2019-11-24 05:35:53.989] [nemo] [debug] [engine/src/Controller.cpp:164] Key 18 released
[2019-11-24 05:35:53.990] [nemo] [debug] [engine/src/Controller.cpp:229] Found [Right] being pressed
[2019-11-24 05:35:54.022] [nemo] [debug] [engine/src/Controller.cpp:229] Found [Right] being pressed
[2019-11-24 05:35:54.056] [nemo] [debug] [engine/src/Controller.cpp:229] Found [Right] being pressed
[2019-11-24 05:35:54.090] [nemo] [debug] [engine/src/Controller.cpp:229] Found [Right] being pressed
[2019-11-24 05:35:54.124] [nemo] [debug] [engine/src/Controller.cpp:229] Found [Right] being pressed
[2019-11-24 05:35:54.157] [nemo] [debug] [engine/src/Controller.cpp:229] Found [Right] being pressed
[2019-11-24 05:35:54.190] [nemo] [debug] [engine/src/Controller.cpp:229] Found [Right] being pressed
[2019-11-24 05:35:54.224] [nemo] [debug] [engine/src/Controller.cpp:229] Found [Right] being pressed
[2019-11-24 05:35:54.258] [nemo] [debug] [engine/src/Controller.cpp:229] Found [Right] being pressed
[2019-11-24 05:35:54.291] [nemo] [debug] [engine/src/Controller.cpp:229] Found [Right] being pressed
[2019-11-24 05:35:54.325] [nemo] [debug] [engine/src/Controller.cpp:229] Found [Right] being pressed
[2019-11-24 05:35:54.359] [nemo] [debug] [engine/src/Controller.cpp:229] Found [Right] being pressed
[2019-11-24 05:35:54.393] [nemo] [debug] [engine/src/Controller.cpp:229] Found [Right] being pressed
[2019-11-24 05:35:54.426] [nemo] [debug] [engine/src/Controller.cpp:229] Found [Right] being pressed
[2019-11-24 05:35:54.460] [nemo] [debug] [engine/src/Controller.cpp:229] Found [Right] being pressed
[2019-11-24 05:35:54.494] [nemo] [debug] [engine/src/Controller.cpp:229] Found [Right] being pressed
[2019-11-24 05:35:54.527] [nemo] [debug] [engine/src/Controller.cpp:229] Found [Right] being pressed
[2019-11-24 05:35:54.560] [nemo] [debug] [engine/src/Controller.cpp:229] Found [Right] being pressed
[2019-11-24 05:35:54.593] [nemo] [debug] [engine/src/Controller.cpp:229] Found [Right] being pressed
[2019-11-24 05:35:54.626] [nemo] [debug] [engine/src/Controller.cpp:229] Found [Right] being pressed
[2019-11-24 05:35:54.659] [nemo] [debug] [engine/src/Controller.cpp:229] Found [Right] being pressed
[2019-11-24 05:35:54.693] [nemo] [debug] [engine/src/Controller.cpp:229] Found [Right] being pressed
[2019-11-24 05:35:54.727] [nemo] [debug] [engine/src/Controller.cpp:229] Found [Right] being pressed
[2019-11-24 05:35:54.760] [nemo] [debug] [engine/src/Controller.cpp:229] Found [Right] being pressed
[2019-11-24 05:35:54.794] [nemo] [debug] [engine/src/Controller.cpp:229] Found [Right] being pressed
[2019-11-24 05:35:54.827] [nemo] [debug] [engine/src/Controller.cpp:149] Key 18 pressed
[2019-11-24 05:35:54.830] [nemo] [debug] [engine/src/Controller.cpp:229] Found [Down] being pressed
[2019-11-24 05:35:54.861] [nemo] [debug] [engine/src/Controller.cpp:229] Found [Down] being pressed
[2019-11-24 05:35:54.894] [nemo] [debug] [engine/src/Controller.cpp:164] Key 3 released
[2019-11-24 05:35:54.896] [nemo] [debug] [engine/src/Controller.cpp:229] Found [Down] being pressed
[2019-11-24 05:35:54.928] [nemo] [debug] [engine/src/Controller.cpp:229] Found [Down] being pressed
[2019-11-24 05:35:54.961] [nemo] [debug] [engine/src/Controller.cpp:229] Found [Down] being pressed
[2019-11-24 05:35:54.995] [nemo] [debug] [engine/src/Controller.cpp:229] Found [Down] being pressed
[2019-11-24 05:35:55.029] [nemo] [debug] [engine/src/Controller.cpp:229] Found [Down] being pressed
[2019-11-24 05:35:55.062] [nemo] [debug] [engine/src/Controller.cpp:229] Found [Down] being pressed
[2019-11-24 05:35:55.095] [nemo] [debug] [engine/src/Controller.cpp:229] Found [Down] being pressed
[2019-11-24 05:35:55.128] [nemo] [debug] [engine/src/Controller.cpp:229] Found [Down] being pressed
[2019-11-24 05:35:55.162] [nemo] [debug] [engine/src/Controller.cpp:229] Found [Down] being pressed
[2019-11-24 05:35:55.195] [nemo] [debug] [engine/src/Controller.cpp:229] Found [Down] being pressed
[2019-11-24 05:35:55.229] [nemo] [debug] [engine/src/Controller.cpp:229] Found [Down] being pressed
[2019-11-24 05:35:55.262] [nemo] [debug] [engine/src/Controller.cpp:229] Found [Down] being pressed
[2019-11-24 05:35:55.295] [nemo] [debug] [engine/src/Controller.cpp:229] Found [Down] being pressed
[2019-11-24 05:35:55.329] [nemo] [debug] [engine/src/Controller.cpp:229] Found [Down] being pressed
[2019-11-24 05:35:55.362] [nemo] [debug] [engine/src/Controller.cpp:229] Found [Down] being pressed
[2019-11-24 05:35:55.395] [nemo] [debug] [engine/src/Controller.cpp:229] Found [Down] being pressed
[2019-11-24 05:35:55.428] [nemo] [debug] [engine/src/Controller.cpp:229] Found [Down] being pressed
[2019-11-24 05:35:55.462] [nemo] [debug] [engine/src/Controller.cpp:229] Found [Down] being pressed
[2019-11-24 05:35:55.495] [nemo] [debug] [engine/src/Controller.cpp:229] Found [Down] being pressed
[2019-11-24 05:35:55.528] [nemo] [debug] [engine/src/Controller.cpp:229] Found [Down] being pressed
[2019-11-24 05:35:55.562] [nemo] [debug] [engine/src/Controller.cpp:149] Key 0 pressed
[2019-11-24 05:35:55.563] [nemo] [debug] [engine/src/Controller.cpp:229] Found [Left] being pressed
[2019-11-24 05:35:55.595] [nemo] [debug] [engine/src/Controller.cpp:229] Found [Left] being pressed
[2019-11-24 05:35:55.628] [nemo] [debug] [engine/src/Controller.cpp:164] Key 18 released
[2019-11-24 05:35:55.628] [nemo] [debug] [engine/src/Controller.cpp:229] Found [Left] being pressed
[2019-11-24 05:35:55.662] [nemo] [debug] [engine/src/Controller.cpp:229] Found [Left] being pressed
[2019-11-24 05:35:55.695] [nemo] [debug] [engine/src/Controller.cpp:229] Found [Left] being pressed
[2019-11-24 05:35:55.728] [nemo] [debug] [engine/src/Controller.cpp:229] Found [Left] being pressed
[2019-11-24 05:35:55.761] [nemo] [debug] [engine/src/Controller.cpp:229] Found [Left] being pressed
[2019-11-24 05:35:55.794] [nemo] [debug] [engine/src/Controller.cpp:229] Found [Left] being pressed
[2019-11-24 05:35:55.827] [nemo] [debug] [engine/src/Controller.cpp:149] Key 18 pressed
[2019-11-24 05:35:55.829] [nemo] [debug] [engine/src/Controller.cpp:229] Found [Down] being pressed
[2019-11-24 05:35:55.860] [nemo] [debug] [engine/src/Controller.cpp:229] Found [Down] being pressed
[2019-11-24 05:35:55.893] [nemo] [debug] [engine/src/Controller.cpp:164] Key 0 released
[2019-11-24 05:35:55.894] [nemo] [debug] [engine/src/Controller.cpp:229] Found [Down] being pressed
[2019-11-24 05:35:55.927] [nemo] [debug] [engine/src/Controller.cpp:229] Found [Down] being pressed
[2019-11-24 05:35:55.960] [nemo] [debug] [engine/src/Controller.cpp:229] Found [Down] being pressed
[2019-11-24 05:35:55.994] [nemo] [debug] [engine/src/Controller.cpp:229] Found [Down] being pressed
[2019-11-24 05:35:56.027] [nemo] [debug] [engine/src/Controller.cpp:229] Found [Down] being pressed
[2019-11-24 05:35:56.061] [nemo] [debug] [engine/src/Controller.cpp:229] Found [Down] being pressed
[2019-11-24 05:35:56.094] [nemo] [debug] [engine/src/Controller.cpp:229] Found [Down] being pressed
[2019-11-24 05:35:56.127] [nemo] [debug] [engine/src/Controller.cpp:229] Found [Down] being pressed
[2019-11-24 05:35:56.160] [nemo] [debug] [engine/src/Controller.cpp:229] Found [Down] being pressed
[2019-11-24 05:35:56.194] [nemo] [debug] [engine/src/Controller.cpp:229] Found [Down] being pressed
[2019-11-24 05:35:56.227] [nemo] [debug] [engine/src/Controller.cpp:229] Found [Down] being pressed
[2019-11-24 05:35:56.260] [nemo] [debug] [engine/src/Controller.cpp:229] Found [Down] being pressed
[2019-11-24 05:35:56.294] [nemo] [debug] [engine/src/Controller.cpp:229] Found [Down] being pressed
[2019-11-24 05:35:56.328] [nemo] [debug] [engine/src/Controller.cpp:229] Found [Down] being pressed
[2019-11-24 05:35:56.361] [nemo] [debug] [engine/src/Controller.cpp:229] Found [Down] being pressed
[2019-11-24 05:35:56.394] [nemo] [debug] [engine/src/Controller.cpp:229] Found [Down] being pressed
[2019-11-24 05:35:56.427] [nemo] [debug] [engine/src/Controller.cpp:229] Found [Down] being pressed
[2019-11-24 05:35:56.461] [nemo] [debug] [engine/src/Controller.cpp:229] Found [Down] being pressed
[2019-11-24 05:35:56.494] [nemo] [debug] [engine/src/Controller.cpp:229] Found [Down] being pressed
[2019-11-24 05:35:56.527] [nemo] [debug] [engine/src/Controller.cpp:229] Found [Down] being pressed
[2019-11-24 05:35:56.560] [nemo] [debug] [engine/src/Controller.cpp:229] Found [Down] being pressed
[2019-11-24 05:35:56.593] [nemo] [debug] [engine/src/Controller.cpp:229] Found [Down] being pressed
[2019-11-24 05:35:56.626] [nemo] [debug] [engine/src/Controller.cpp:229] Found [Down] being pressed
[2019-11-24 05:35:56.659] [nemo] [debug] [engine/src/Controller.cpp:149] Key 3 pressed
[2019-11-24 05:35:56.661] [nemo] [debug] [engine/src/Controller.cpp:229] Found [Right] being pressed
[2019-11-24 05:35:56.693] [nemo] [debug] [engine/src/Controller.cpp:229] Found [Right] being pressed
[2019-11-24 05:35:56.726] [nemo] [debug] [engine/src/Controller.cpp:229] Found [Right] being pressed
[2019-11-24 05:35:56.760] [nemo] [debug] [engine/src/Controller.cpp:164] Key 18 released
[2019-11-24 05:35:56.761] [nemo] [debug] [engine/src/Controller.cpp:229] Found [Right] being pressed
[2019-11-24 05:35:56.793] [nemo] [debug] [engine/src/Controller.cpp:229] Found [Right] being pressed
[2019-11-24 05:35:56.825] [nemo] [debug] [engine/src/Controller.cpp:229] Found [Right] being pressed
[2019-11-24 05:35:56.858] [nemo] [debug] [engine/src/Controller.cpp:229] Found [Right] being pressed
[2019-11-24 05:35:56.891] [nemo] [debug] [engine/src/Controller.cpp:229] Found [Right] being pressed
[2019-11-24 05:35:56.925] [nemo] [debug] [engine/src/Controller.cpp:229] Found [Right] being pressed
[2019-11-24 05:35:56.958] [nemo] [debug] [engine/src/Controller.cpp:229] Found [Right] being pressed
[2019-11-24 05:35:56.991] [nemo] [debug] [engine/src/Controller.cpp:229] Found [Right] being pressed
[2019-11-24 05:35:57.025] [nemo] [debug] [engine/src/Controller.cpp:229] Found [Right] being pressed
[2019-11-24 05:35:57.058] [nemo] [debug] [engine/src/Controller.cpp:229] Found [Right] being pressed
[2019-11-24 05:35:57.091] [nemo] [debug] [engine/src/Controller.cpp:229] Found [Right] being pressed
[2019-11-24 05:35:57.124] [nemo] [debug] [engine/src/Controller.cpp:229] Found [Right] being pressed
[2019-11-24 05:35:57.158] [nemo] [debug] [engine/src/Controller.cpp:229] Found [Right] being pressed
[2019-11-24 05:35:57.191] [nemo] [debug] [engine/src/Controller.cpp:229] Found [Right] being pressed
[2019-11-24 05:35:57.225] [nemo] [debug] [engine/src/Controller.cpp:229] Found [Right] being pressed
[2019-11-24 05:35:57.259] [nemo] [debug] [engine/src/Controller.cpp:149] Key 18 pressed
[2019-11-24 05:35:57.259] [nemo] [debug] [engine/src/Controller.cpp:229] Found [Down] being pressed
[2019-11-24 05:35:57.292] [nemo] [debug] [engine/src/Controller.cpp:229] Found [Down] being pressed
[2019-11-24 05:35:57.325] [nemo] [debug] [engine/src/Controller.cpp:164] Key 3 released
[2019-11-24 05:35:57.327] [nemo] [debug] [engine/src/Controller.cpp:229] Found [Down] being pressed
[2019-11-24 05:35:57.358] [nemo] [debug] [engine/src/Controller.cpp:229] Found [Down] being pressed
[2019-11-24 05:35:57.391] [nemo] [debug] [engine/src/Controller.cpp:229] Found [Down] being pressed
[2019-11-24 05:35:57.425] [nemo] [debug] [engine/src/Controller.cpp:229] Found [Down] being pressed
[2019-11-24 05:35:57.458] [nemo] [debug] [engine/src/Controller.cpp:229] Found [Down] being pressed
[2019-11-24 05:35:57.492] [nemo] [debug] [engine/src/Controller.cpp:229] Found [Down] being pressed
[2019-11-24 05:35:57.525] [nemo] [debug] [engine/src/Controller.cpp:229] Found [Down] being pressed
[2019-11-24 05:35:57.559] [nemo] [debug] [engine/src/Controller.cpp:229] Found [Down] being pressed
[2019-11-24 05:35:57.593] [nemo] [debug] [engine/src/Controller.cpp:229] Found [Down] being pressed
[2019-11-24 05:35:57.627] [nemo] [debug] [engine/src/Controller.cpp:229] Found [Down] being pressed
[2019-11-24 05:35:57.660] [nemo] [debug] [engine/src/Controller.cpp:229] Found [Down] being pressed
[2019-11-24 05:35:57.694] [nemo] [debug] [engine/src/Controller.cpp:229] Found [Down] being pressed
[2019-11-24 05:35:57.727] [nemo] [debug] [engine/src/Controller.cpp:229] Found [Down] being pressed
[2019-11-24 05:35:57.761] [nemo] [debug] [engine/src/Controller.cpp:229] Found [Down] being pressed
[2019-11-24 05:35:57.795] [nemo] [debug] [engine/src/Controller.cpp:229] Found [Down] being pressed
[2019-11-24 05:35:57.827] [nemo] [debug] [engine/src/Controller.cpp:229] Found [Down] being pressed
[2019-11-24 05:35:57.861] [nemo] [debug] [engine/src/Controller.cpp:229] Found [Down] being pressed
[2019-11-24 05:35:57.894] [nemo] [debug] [engine/src/Controller.cpp:229] Found [Down] being pressed
[2019-11-24 05:35:57.927] [nemo] [debug] [engine/src/Controller.cpp:229] Found [Down] being pressed
[2019-11-24 05:35:57.961] [nemo] [debug] [engine/src/Controller.cpp:149] Key 3 pressed
[2019-11-24 05:35:57.962] [nemo] [debug] [engine/src/Controller.cpp:229] Found [Right] being pressed
[2019-11-24 05:35:57.995] [nemo] [debug] [engine/src/Controller.cpp:229] Found [Right] being pressed
[2019-11-24 05:35:58.028] [nemo] [debug] [engine/src/Controller.cpp:164] Key 18 released
[2019-11-24 05:35:58.029] [nemo] [debug] [engine/src/Controller.cpp:229] Found [Right] being pressed
[2019-11-24 05:35:58.061] [nemo] [debug] [engine/src/Controller.cpp:229] Found [Right] being pressed
[2019-11-24 05:35:58.095] [nemo] [debug] [engine/src/Controller.cpp:229] Found [Right] being pressed
[2019-11-24 05:35:58.128] [nemo] [debug] [engine/src/Controller.cpp:229] Found [Right] being pressed
[2019-11-24 05:35:58.161] [nemo] [debug] [engine/src/Controller.cpp:229] Found [Right] being pressed
[2019-11-24 05:35:58.194] [nemo] [debug] [engine/src/Controller.cpp:229] Found [Right] being pressed
[2019-11-24 05:35:58.227] [nemo] [debug] [engine/src/Controller.cpp:229] Found [Right] being pressed
[2019-11-24 05:35:58.260] [nemo] [debug] [engine/src/Controller.cpp:229] Found [Right] being pressed
[2019-11-24 05:35:58.293] [nemo] [debug] [engine/src/Controller.cpp:229] Found [Right] being pressed
[2019-11-24 05:35:58.327] [nemo] [debug] [engine/src/Controller.cpp:229] Found [Right] being pressed
[2019-11-24 05:35:58.360] [nemo] [debug] [engine/src/Controller.cpp:229] Found [Right] being pressed
[2019-11-24 05:35:58.393] [nemo] [debug] [engine/src/Controller.cpp:229] Found [Right] being pressed
[2019-11-24 05:35:58.426] [nemo] [debug] [engine/src/Controller.cpp:229] Found [Right] being pressed
[2019-11-24 05:35:58.460] [nemo] [debug] [engine/src/Controller.cpp:229] Found [Right] being pressed
[2019-11-24 05:35:58.493] [nemo] [debug] [engine/src/Controller.cpp:229] Found [Right] being pressed
[2019-11-24 05:35:58.526] [nemo] [debug] [engine/src/Controller.cpp:229] Found [Right] being pressed
[2019-11-24 05:35:58.560] [nemo] [debug] [engine/src/Controller.cpp:229] Found [Right] being pressed
[2019-11-24 05:35:58.593] [nemo] [debug] [engine/src/Controller.cpp:229] Found [Right] being pressed
[2019-11-24 05:35:58.627] [nemo] [debug] [engine/src/Controller.cpp:229] Found [Right] being pressed
[2019-11-24 05:35:58.661] [nemo] [debug] [engine/src/Controller.cpp:229] Found [Right] being pressed
[2019-11-24 05:35:58.695] [nemo] [debug] [engine/src/Controller.cpp:149] Key 18 pressed
[2019-11-24 05:35:58.696] [nemo] [debug] [engine/src/Controller.cpp:229] Found [Down] being pressed
[2019-11-24 05:35:58.729] [nemo] [debug] [engine/src/Controller.cpp:229] Found [Down] being pressed
[2019-11-24 05:35:58.763] [nemo] [debug] [engine/src/Controller.cpp:164] Key 3 released
[2019-11-24 05:35:58.764] [nemo] [debug] [engine/src/Controller.cpp:229] Found [Down] being pressed
[2019-11-24 05:35:58.796] [nemo] [debug] [engine/src/Controller.cpp:229] Found [Down] being pressed
[2019-11-24 05:35:58.829] [nemo] [debug] [engine/src/Controller.cpp:229] Found [Down] being pressed
[2019-11-24 05:35:58.863] [nemo] [debug] [engine/src/Controller.cpp:229] Found [Down] being pressed
[2019-11-24 05:35:58.896] [nemo] [debug] [engine/src/Controller.cpp:229] Found [Down] being pressed
[2019-11-24 05:35:58.930] [nemo] [debug] [engine/src/Controller.cpp:229] Found [Down] being pressed
[2019-11-24 05:35:58.963] [nemo] [debug] [engine/src/Controller.cpp:229] Found [Down] being pressed
[2019-11-24 05:35:58.996] [nemo] [debug] [engine/src/Controller.cpp:229] Found [Down] being pressed
[2019-11-24 05:35:59.029] [nemo] [debug] [engine/src/Controller.cpp:229] Found [Down] being pressed
[2019-11-24 05:35:59.062] [nemo] [debug] [engine/src/Controller.cpp:229] Found [Down] being pressed
[2019-11-24 05:35:59.096] [nemo] [debug] [engine/src/Controller.cpp:229] Found [Down] being pressed
[2019-11-24 05:35:59.129] [nemo] [debug] [engine/src/Controller.cpp:229] Found [Down] being pressed
[2019-11-24 05:35:59.163] [nemo] [debug] [engine/src/Controller.cpp:229] Found [Down] being pressed
[2019-11-24 05:35:59.196] [nemo] [debug] [engine/src/Controller.cpp:229] Found [Down] being pressed
[2019-11-24 05:35:59.230] [nemo] [debug] [engine/src/Controller.cpp:229] Found [Down] being pressed
[2019-11-24 05:35:59.263] [nemo] [debug] [engine/src/Controller.cpp:229] Found [Down] being pressed
[2019-11-24 05:35:59.296] [nemo] [debug] [engine/src/Controller.cpp:229] Found [Down] being pressed
[2019-11-24 05:35:59.330] [nemo] [debug] [engine/src/Controller.cpp:229] Found [Down] being pressed
[2019-11-24 05:35:59.363] [nemo] [debug] [engine/src/Controller.cpp:229] Found [Down] being pressed
[2019-11-24 05:35:59.396] [nemo] [debug] [engine/src/Controller.cpp:229] Found [Down] being pressed
[2019-11-24 05:35:59.430] [nemo] [debug] [engine/src/Controller.cpp:229] Found [Down] being pressed
[2019-11-24 05:35:59.463] [nemo] [debug] [engine/src/Controller.cpp:149] Key 3 pressed
[2019-11-24 05:35:59.464] [nemo] [debug] [engine/src/Controller.cpp:229] Found [Right] being pressed
[2019-11-24 05:35:59.496] [nemo] [debug] [engine/src/Controller.cpp:229] Found [Right] being pressed
[2019-11-24 05:35:59.529] [nemo] [debug] [engine/src/Controller.cpp:164] Key 18 released
[2019-11-24 05:35:59.530] [nemo] [debug] [engine/src/Controller.cpp:229] Found [Right] being pressed
[2019-11-24 05:35:59.563] [nemo] [debug] [engine/src/Controller.cpp:229] Found [Right] being pressed
[2019-11-24 05:35:59.596] [nemo] [debug] [engine/src/Controller.cpp:229] Found [Right] being pressed
[2019-11-24 05:35:59.629] [nemo] [debug] [engine/src/Controller.cpp:229] Found [Right] being pressed
[2019-11-24 05:35:59.662] [nemo] [debug] [engine/src/Controller.cpp:229] Found [Right] being pressed
[2019-11-24 05:35:59.696] [nemo] [debug] [engine/src/Controller.cpp:229] Found [Right] being pressed
[2019-11-24 05:35:59.729] [nemo] [debug] [engine/src/Controller.cpp:229] Found [Right] being pressed
[2019-11-24 05:35:59.762] [nemo] [debug] [engine/src/Controller.cpp:229] Found [Right] being pressed
[2019-11-24 05:35:59.795] [nemo] [debug] [engine/src/Controller.cpp:229] Found [Right] being pressed
[2019-11-24 05:35:59.828] [nemo] [debug] [engine/src/Controller.cpp:229] Found [Right] being pressed
[2019-11-24 05:35:59.861] [nemo] [debug] [engine/src/Controller.cpp:229] Found [Right] being pressed
[2019-11-24 05:35:59.894] [nemo] [debug] [engine/src/Controller.cpp:229] Found [Right] being pressed
[2019-11-24 05:35:59.927] [nemo] [debug] [engine/src/Controller.cpp:229] Found [Right] being pressed
[2019-11-24 05:35:59.960] [nemo] [debug] [engine/src/Controller.cpp:229] Found [Right] being pressed
[2019-11-24 05:35:59.993] [nemo] [debug] [engine/src/Controller.cpp:229] Found [Right] being pressed
[2019-11-24 05:36:00.026] [nemo] [debug] [engine/src/Controller.cpp:229] Found [Right] being pressed
[2019-11-24 05:36:00.059] [nemo] [debug] [engine/src/Controller.cpp:229] Found [Right] being pressed
[2019-11-24 05:36:00.093] [nemo] [debug] [engine/src/Controller.cpp:229] Found [Right] being pressed
[2019-11-24 05:36:00.126] [nemo] [debug] [engine/src/Controller.cpp:229] Found [Right] being pressed
[2019-11-24 05:36:00.159] [nemo] [debug] [engine/src/Controller.cpp:229] Found [Right] being pressed
[2019-11-24 05:36:00.192] [nemo] [debug] [engine/src/Controller.cpp:164] Key 3 released
[2019-11-24 05:36:00.226] [nemo] [debug] [engine/src/Controller.cpp:149] Key 22 pressed
[2019-11-24 05:36:00.227] [nemo] [debug] [engine/src/Controller.cpp:229] Found [Up] being pressed
[2019-11-24 05:36:00.260] [nemo] [debug] [engine/src/Controller.cpp:229] Found [Up] being pressed
[2019-11-24 05:36:00.294] [nemo] [debug] [engine/src/Controller.cpp:229] Found [Up] being pressed
[2019-11-24 05:36:00.327] [nemo] [debug] [engine/src/Controller.cpp:229] Found [Up] being pressed
[2019-11-24 05:36:00.361] [nemo] [debug] [engine/src/Controller.cpp:229] Found [Up] being pressed
[2019-11-24 05:36:00.394] [nemo] [debug] [engine/src/Controller.cpp:229] Found [Up] being pressed
[2019-11-24 05:36:00.428] [nemo] [debug] [engine/src/Controller.cpp:229] Found [Up] being pressed
[2019-11-24 05:36:00.461] [nemo] [debug] [engine/src/Controller.cpp:229] Found [Up] being pressed
[2019-11-24 05:36:00.494] [nemo] [debug] [engine/src/Controller.cpp:229] Found [Up] being pressed
[2019-11-24 05:36:00.528] [nemo] [debug] [engine/src/Controller.cpp:229] Found [Up] being pressed
[2019-11-24 05:36:00.561] [nemo] [debug] [engine/src/Controller.cpp:229] Found [Up] being pressed
[2019-11-24 05:36:00.595] [nemo] [debug] [engine/src/Controller.cpp:229] Found [Up] being pressed
[2019-11-24 05:36:00.628] [nemo] [debug] [engine/src/Controller.cpp:229] Found [Up] being pressed
[2019-11-24 05:36:00.661] [nemo] [debug] [engine/src/Controller.cpp:229] Found [Up] being pressed
[2019-11-24 05:36:00.694] [nemo] [debug] [engine/src/Controller.cpp:229] Found [Up] being pressed
[2019-11-24 05:36:00.727] [nemo] [debug] [engine/src/Controller.cpp:229] Found [Up] being pressed
[2019-11-24 05:36:00.759] [nemo] [debug] [engine/src/Controller.cpp:229] Found [Up] being pressed
[2019-11-24 05:36:00.792] [nemo] [debug] [engine/src/Controller.cpp:229] Found [Up] being pressed
[2019-11-24 05:36:00.825] [nemo] [debug] [engine/src/Controller.cpp:229] Found [Up] being pressed
[2019-11-24 05:36:00.859] [nemo] [debug] [engine/src/Controller.cpp:229] Found [Up] being pressed
[2019-11-24 05:36:00.893] [nemo] [debug] [engine/src/Controller.cpp:229] Found [Up] being pressed
[2019-11-24 05:36:00.926] [nemo] [debug] [engine/src/Controller.cpp:229] Found [Up] being pressed
[2019-11-24 05:36:00.959] [nemo] [debug] [engine/src/Controller.cpp:229] Found [Up] being pressed
[2019-11-24 05:36:00.992] [nemo] [debug] [engine/src/Controller.cpp:149] Key 0 pressed
[2019-11-24 05:36:00.994] [nemo] [debug] [engine/src/Controller.cpp:229] Found [Left] being pressed
[2019-11-24 05:36:01.025] [nemo] [debug] [engine/src/Controller.cpp:229] Found [Left] being pressed
[2019-11-24 05:36:01.058] [nemo] [debug] [engine/src/Controller.cpp:164] Key 22 released
[2019-11-24 05:36:01.059] [nemo] [debug] [engine/src/Controller.cpp:229] Found [Left] being pressed
[2019-11-24 05:36:01.092] [nemo] [debug] [engine/src/Controller.cpp:229] Found [Left] being pressed
[2019-11-24 05:36:01.125] [nemo] [debug] [engine/src/Controller.cpp:229] Found [Left] being pressed
[2019-11-24 05:36:01.158] [nemo] [debug] [engine/src/Controller.cpp:229] Found [Left] being pressed
[2019-11-24 05:36:01.192] [nemo] [debug] [engine/src/Controller.cpp:229] Found [Left] being pressed
[2019-11-24 05:36:01.226] [nemo] [debug] [engine/src/Controller.cpp:229] Found [Left] being pressed
[2019-11-24 05:36:01.260] [nemo] [debug] [engine/src/Controller.cpp:229] Found [Left] being pressed
[2019-11-24 05:36:01.294] [nemo] [debug] [engine/src/Controller.cpp:229] Found [Left] being pressed
[2019-11-24 05:36:01.327] [nemo] [debug] [engine/src/Controller.cpp:229] Found [Left] being pressed
[2019-11-24 05:36:01.361] [nemo] [debug] [engine/src/Controller.cpp:229] Found [Left] being pressed
[2019-11-24 05:36:01.395] [nemo] [debug] [engine/src/Controller.cpp:164] Key 0 released
[2019-11-24 05:36:01.793] [nemo] [debug] [engine/src/Controller.cpp:149] Key 0 pressed
[2019-11-24 05:36:01.794] [nemo] [debug] [engine/src/Controller.cpp:229] Found [Left] being pressed
[2019-11-24 05:36:01.826] [nemo] [debug] [engine/src/Controller.cpp:229] Found [Left] being pressed
[2019-11-24 05:36:01.859] [nemo] [debug] [engine/src/Controller.cpp:229] Found [Left] being pressed
[2019-11-24 05:36:01.893] [nemo] [debug] [engine/src/Controller.cpp:229] Found [Left] being pressed
[2019-11-24 05:36:01.927] [nemo] [debug] [engine/src/Controller.cpp:229] Found [Left] being pressed
[2019-11-24 05:36:01.960] [nemo] [debug] [engine/src/Controller.cpp:229] Found [Left] being pressed
[2019-11-24 05:36:01.993] [nemo] [debug] [engine/src/Controller.cpp:229] Found [Left] being pressed
[2019-11-24 05:36:02.026] [nemo] [debug] [engine/src/Controller.cpp:229] Found [Left] being pressed
[2019-11-24 05:36:02.059] [nemo] [debug] [engine/src/Controller.cpp:229] Found [Left] being pressed
[2019-11-24 05:36:02.093] [nemo] [debug] [engine/src/Controller.cpp:164] Key 0 released
[2019-11-24 05:36:02.523] [nemo] [debug] [engine/src/Controller.cpp:149] Key 0 pressed
[2019-11-24 05:36:02.523] [nemo] [debug] [engine/src/Controller.cpp:229] Found [Left] being pressed
[2019-11-24 05:36:02.556] [nemo] [debug] [engine/src/Controller.cpp:229] Found [Left] being pressed
[2019-11-24 05:36:02.590] [nemo] [debug] [engine/src/Controller.cpp:229] Found [Left] being pressed
[2019-11-24 05:36:02.623] [nemo] [debug] [engine/src/Controller.cpp:229] Found [Left] being pressed
[2019-11-24 05:36:02.656] [nemo] [debug] [engine/src/Controller.cpp:229] Found [Left] being pressed
[2019-11-24 05:36:02.689] [nemo] [debug] [engine/src/Controller.cpp:229] Found [Left] being pressed
[2019-11-24 05:36:02.722] [nemo] [debug] [engine/src/Controller.cpp:164] Key 0 released
[2019-11-24 05:36:03.021] [nemo] [debug] [engine/src/Controller.cpp:149] Key 0 pressed
[2019-11-24 05:36:03.022] [nemo] [debug] [engine/src/Controller.cpp:229] Found [Left] being pressed
[2019-11-24 05:36:03.054] [nemo] [debug] [engine/src/Controller.cpp:229] Found [Left] being pressed
[2019-11-24 05:36:03.088] [nemo] [debug] [engine/src/Controller.cpp:229] Found [Left] being pressed
[2019-11-24 05:36:03.122] [nemo] [debug] [engine/src/Controller.cpp:229] Found [Left] being pressed
[2019-11-24 05:36:03.156] [nemo] [debug] [engine/src/Controller.cpp:229] Found [Left] being pressed
[2019-11-24 05:36:03.189] [nemo] [debug] [engine/src/Controller.cpp:229] Found [Left] being pressed
[2019-11-24 05:36:03.223] [nemo] [debug] [engine/src/Controller.cpp:229] Found [Left] being pressed
[2019-11-24 05:36:03.256] [nemo] [debug] [engine/src/Controller.cpp:164] Key 0 released
[2019-11-24 05:36:03.686] [nemo] [debug] [engine/src/Controller.cpp:149] Key 0 pressed
[2019-11-24 05:36:03.687] [nemo] [debug] [engine/src/Controller.cpp:229] Found [Left] being pressed
[2019-11-24 05:36:03.720] [nemo] [debug] [engine/src/Controller.cpp:229] Found [Left] being pressed
[2019-11-24 05:36:03.754] [nemo] [debug] [engine/src/Controller.cpp:229] Found [Left] being pressed
[2019-11-24 05:36:03.787] [nemo] [debug] [engine/src/Controller.cpp:229] Found [Left] being pressed
[2019-11-24 05:36:03.820] [nemo] [debug] [engine/src/Controller.cpp:229] Found [Left] being pressed
[2019-11-24 05:36:03.853] [nemo] [debug] [engine/src/Controller.cpp:229] Found [Left] being pressed
[2019-11-24 05:36:03.887] [nemo] [debug] [engine/src/Controller.cpp:229] Found [Left] being pressed
[2019-11-24 05:36:03.921] [nemo] [debug] [engine/src/Controller.cpp:229] Found [Left] being pressed
[2019-11-24 05:36:03.954] [nemo] [debug] [engine/src/Controller.cpp:229] Found [Left] being pressed
[2019-11-24 05:36:03.988] [nemo] [debug] [engine/src/Controller.cpp:229] Found [Left] being pressed
[2019-11-24 05:36:04.022] [nemo] [debug] [engine/src/Controller.cpp:229] Found [Left] being pressed
[2019-11-24 05:36:04.055] [nemo] [debug] [engine/src/Controller.cpp:164] Key 0 released
[2019-11-24 05:36:04.287] [nemo] [debug] [engine/src/Controller.cpp:149] Key 22 pressed
[2019-11-24 05:36:04.288] [nemo] [debug] [engine/src/Controller.cpp:229] Found [Up] being pressed
[2019-11-24 05:36:04.320] [nemo] [debug] [engine/src/Controller.cpp:229] Found [Up] being pressed
[2019-11-24 05:36:04.354] [nemo] [debug] [engine/src/Controller.cpp:229] Found [Up] being pressed
[2019-11-24 05:36:04.387] [nemo] [debug] [engine/src/Controller.cpp:229] Found [Up] being pressed
[2019-11-24 05:36:04.420] [nemo] [debug] [engine/src/Controller.cpp:229] Found [Up] being pressed
[2019-11-24 05:36:04.453] [nemo] [debug] [engine/src/Controller.cpp:229] Found [Up] being pressed
[2019-11-24 05:36:04.486] [nemo] [debug] [engine/src/Controller.cpp:229] Found [Up] being pressed
[2019-11-24 05:36:04.520] [nemo] [debug] [engine/src/Controller.cpp:229] Found [Up] being pressed
[2019-11-24 05:36:04.553] [nemo] [debug] [engine/src/Controller.cpp:229] Found [Up] being pressed
[2019-11-24 05:36:04.586] [nemo] [debug] [engine/src/Controller.cpp:229] Found [Up] being pressed
[2019-11-24 05:36:04.620] [nemo] [debug] [engine/src/Controller.cpp:229] Found [Up] being pressed
[2019-11-24 05:36:04.653] [nemo] [debug] [engine/src/Controller.cpp:229] Found [Up] being pressed
[2019-11-24 05:36:04.686] [nemo] [debug] [engine/src/Controller.cpp:229] Found [Up] being pressed
[2019-11-24 05:36:04.719] [nemo] [debug] [engine/src/Controller.cpp:229] Found [Up] being pressed
[2019-11-24 05:36:04.753] [nemo] [debug] [engine/src/Controller.cpp:164] Key 22 released
[2019-11-24 05:36:05.083] [nemo] [debug] [engine/src/Controller.cpp:149] Key 18 pressed
[2019-11-24 05:36:05.083] [nemo] [debug] [engine/src/Controller.cpp:229] Found [Down] being pressed
[2019-11-24 05:36:05.115] [nemo] [debug] [engine/src/Controller.cpp:229] Found [Down] being pressed
[2019-11-24 05:36:05.148] [nemo] [debug] [engine/src/Controller.cpp:229] Found [Down] being pressed
[2019-11-24 05:36:05.181] [nemo] [debug] [engine/src/Controller.cpp:229] Found [Down] being pressed
[2019-11-24 05:36:05.214] [nemo] [debug] [engine/src/Controller.cpp:229] Found [Down] being pressed
[2019-11-24 05:36:05.247] [nemo] [debug] [engine/src/Controller.cpp:229] Found [Down] being pressed
[2019-11-24 05:36:05.280] [nemo] [debug] [engine/src/Controller.cpp:229] Found [Down] being pressed
[2019-11-24 05:36:05.313] [nemo] [debug] [engine/src/Controller.cpp:229] Found [Down] being pressed
[2019-11-24 05:36:05.347] [nemo] [debug] [engine/src/Controller.cpp:229] Found [Down] being pressed
[2019-11-24 05:36:05.380] [nemo] [debug] [engine/src/Controller.cpp:229] Found [Down] being pressed
[2019-11-24 05:36:05.414] [nemo] [debug] [engine/src/Controller.cpp:229] Found [Down] being pressed
[2019-11-24 05:36:05.448] [nemo] [debug] [engine/src/Controller.cpp:229] Found [Down] being pressed
[2019-11-24 05:36:05.481] [nemo] [debug] [engine/src/Controller.cpp:229] Found [Down] being pressed
[2019-11-24 05:36:05.515] [nemo] [debug] [engine/src/Controller.cpp:164] Key 18 released
[2019-11-24 05:36:05.946] [nemo] [debug] [engine/src/Controller.cpp:149] Key 22 pressed
[2019-11-24 05:36:05.947] [nemo] [debug] [engine/src/Controller.cpp:229] Found [Up] being pressed
[2019-11-24 05:36:05.979] [nemo] [debug] [engine/src/Controller.cpp:229] Found [Up] being pressed
[2019-11-24 05:36:06.012] [nemo] [debug] [engine/src/Controller.cpp:229] Found [Up] being pressed
[2019-11-24 05:36:06.045] [nemo] [debug] [engine/src/Controller.cpp:229] Found [Up] being pressed
[2019-11-24 05:36:06.079] [nemo] [debug] [engine/src/Controller.cpp:229] Found [Up] being pressed
[2019-11-24 05:36:06.112] [nemo] [debug] [engine/src/Controller.cpp:229] Found [Up] being pressed
[2019-11-24 05:36:06.145] [nemo] [debug] [engine/src/Controller.cpp:229] Found [Up] being pressed
[2019-11-24 05:36:06.178] [nemo] [debug] [engine/src/Controller.cpp:229] Found [Up] being pressed
[2019-11-24 05:36:06.212] [nemo] [debug] [engine/src/Controller.cpp:229] Found [Up] being pressed
[2019-11-24 05:36:06.245] [nemo] [debug] [engine/src/Controller.cpp:229] Found [Up] being pressed
[2019-11-24 05:36:06.279] [nemo] [debug] [engine/src/Controller.cpp:229] Found [Up] being pressed
[2019-11-24 05:36:06.313] [nemo] [debug] [engine/src/Controller.cpp:229] Found [Up] being pressed
[2019-11-24 05:36:06.347] [nemo] [debug] [engine/src/Controller.cpp:229] Found [Up] being pressed
[2019-11-24 05:36:06.380] [nemo] [debug] [engine/src/Controller.cpp:229] Found [Up] being pressed
[2019-11-24 05:36:06.413] [nemo] [debug] [engine/src/Controller.cpp:229] Found [Up] being pressed
[2019-11-24 05:36:06.446] [nemo] [debug] [engine/src/Controller.cpp:229] Found [Up] being pressed
[2019-11-24 05:36:06.480] [nemo] [debug] [engine/src/Controller.cpp:164] Key 22 released
[2019-11-24 05:36:06.745] [nemo] [debug] [engine/src/Controller.cpp:149] Key 18 pressed
[2019-11-24 05:36:06.746] [nemo] [debug] [engine/src/Controller.cpp:229] Found [Down] being pressed
[2019-11-24 05:36:06.778] [nemo] [debug] [engine/src/Controller.cpp:229] Found [Down] being pressed
[2019-11-24 05:36:06.812] [nemo] [debug] [engine/src/Controller.cpp:229] Found [Down] being pressed
[2019-11-24 05:36:06.846] [nemo] [debug] [engine/src/Controller.cpp:229] Found [Down] being pressed
[2019-11-24 05:36:06.879] [nemo] [debug] [engine/src/Controller.cpp:229] Found [Down] being pressed
[2019-11-24 05:36:06.912] [nemo] [debug] [engine/src/Controller.cpp:229] Found [Down] being pressed
[2019-11-24 05:36:06.945] [nemo] [debug] [engine/src/Controller.cpp:229] Found [Down] being pressed
[2019-11-24 05:36:06.978] [nemo] [debug] [engine/src/Controller.cpp:229] Found [Down] being pressed
[2019-11-24 05:36:07.011] [nemo] [debug] [engine/src/Controller.cpp:229] Found [Down] being pressed
[2019-11-24 05:36:07.045] [nemo] [debug] [engine/src/Controller.cpp:229] Found [Down] being pressed
[2019-11-24 05:36:07.079] [nemo] [debug] [engine/src/Controller.cpp:229] Found [Down] being pressed
[2019-11-24 05:36:07.112] [nemo] [debug] [engine/src/Controller.cpp:229] Found [Down] being pressed
[2019-11-24 05:36:07.145] [nemo] [debug] [engine/src/Controller.cpp:229] Found [Down] being pressed
[2019-11-24 05:36:07.178] [nemo] [debug] [engine/src/Controller.cpp:229] Found [Down] being pressed
[2019-11-24 05:36:07.211] [nemo] [debug] [engine/src/Controller.cpp:229] Found [Down] being pressed
[2019-11-24 05:36:07.245] [nemo] [debug] [engine/src/Controller.cpp:229] Found [Down] being pressed
[2019-11-24 05:36:07.279] [nemo] [debug] [engine/src/Controller.cpp:229] Found [Down] being pressed
[2019-11-24 05:36:07.313] [nemo] [debug] [engine/src/Controller.cpp:229] Found [Down] being pressed
[2019-11-24 05:36:07.346] [nemo] [debug] [engine/src/Controller.cpp:164] Key 18 released
[2019-11-24 05:36:10.586] [nemo] [debug] [engine/src/Controller.cpp:149] Key 22 pressed
[2019-11-24 05:36:10.587] [nemo] [debug] [engine/src/Controller.cpp:229] Found [Up] being pressed
[2019-11-24 05:36:10.620] [nemo] [debug] [engine/src/Controller.cpp:229] Found [Up] being pressed
[2019-11-24 05:36:10.653] [nemo] [debug] [engine/src/Controller.cpp:229] Found [Up] being pressed
[2019-11-24 05:36:10.686] [nemo] [debug] [engine/src/Controller.cpp:229] Found [Up] being pressed
[2019-11-24 05:36:10.720] [nemo] [debug] [engine/src/Controller.cpp:229] Found [Up] being pressed
[2019-11-24 05:36:10.753] [nemo] [debug] [engine/src/Controller.cpp:229] Found [Up] being pressed
[2019-11-24 05:36:10.787] [nemo] [debug] [engine/src/Controller.cpp:229] Found [Up] being pressed
[2019-11-24 05:36:10.820] [nemo] [debug] [engine/src/Controller.cpp:229] Found [Up] being pressed
[2019-11-24 05:36:10.853] [nemo] [debug] [engine/src/Controller.cpp:229] Found [Up] being pressed
[2019-11-24 05:36:10.887] [nemo] [debug] [engine/src/Controller.cpp:229] Found [Up] being pressed
[2019-11-24 05:36:10.920] [nemo] [debug] [engine/src/Controller.cpp:229] Found [Up] being pressed
[2019-11-24 05:36:10.953] [nemo] [debug] [engine/src/Controller.cpp:229] Found [Up] being pressed
[2019-11-24 05:36:10.986] [nemo] [debug] [engine/src/Controller.cpp:229] Found [Up] being pressed
[2019-11-24 05:36:11.020] [nemo] [debug] [engine/src/Controller.cpp:164] Key 22 released
[2019-11-24 05:36:11.416] [nemo] [debug] [engine/src/Controller.cpp:149] Key 22 pressed
[2019-11-24 05:36:11.417] [nemo] [debug] [engine/src/Controller.cpp:229] Found [Up] being pressed
[2019-11-24 05:36:11.450] [nemo] [debug] [engine/src/Controller.cpp:229] Found [Up] being pressed
[2019-11-24 05:36:11.484] [nemo] [debug] [engine/src/Controller.cpp:229] Found [Up] being pressed
[2019-11-24 05:36:11.518] [nemo] [debug] [engine/src/Controller.cpp:229] Found [Up] being pressed
[2019-11-24 05:36:11.552] [nemo] [debug] [engine/src/Controller.cpp:229] Found [Up] being pressed
[2019-11-24 05:36:11.585] [nemo] [debug] [engine/src/Controller.cpp:229] Found [Up] being pressed
[2019-11-24 05:36:11.618] [nemo] [debug] [engine/src/Controller.cpp:229] Found [Up] being pressed
[2019-11-24 05:36:11.651] [nemo] [debug] [engine/src/Controller.cpp:229] Found [Up] being pressed
[2019-11-24 05:36:11.685] [nemo] [debug] [engine/src/Controller.cpp:229] Found [Up] being pressed
[2019-11-24 05:36:11.718] [nemo] [debug] [engine/src/Controller.cpp:229] Found [Up] being pressed
[2019-11-24 05:36:11.751] [nemo] [debug] [engine/src/Controller.cpp:229] Found [Up] being pressed
[2019-11-24 05:36:11.785] [nemo] [debug] [engine/src/Controller.cpp:229] Found [Up] being pressed
[2019-11-24 05:36:11.819] [nemo] [debug] [engine/src/Controller.cpp:164] Key 22 released
[2019-11-24 05:36:12.117] [nemo] [debug] [engine/src/Controller.cpp:149] Key 22 pressed
[2019-11-24 05:36:12.118] [nemo] [debug] [engine/src/Controller.cpp:229] Found [Up] being pressed
[2019-11-24 05:36:12.150] [nemo] [debug] [engine/src/Controller.cpp:229] Found [Up] being pressed
[2019-11-24 05:36:12.184] [nemo] [debug] [engine/src/Controller.cpp:229] Found [Up] being pressed
[2019-11-24 05:36:12.216] [nemo] [debug] [engine/src/Controller.cpp:229] Found [Up] being pressed
[2019-11-24 05:36:12.249] [nemo] [debug] [engine/src/Controller.cpp:229] Found [Up] being pressed
[2019-11-24 05:36:12.283] [nemo] [debug] [engine/src/Controller.cpp:229] Found [Up] being pressed
[2019-11-24 05:36:12.317] [nemo] [debug] [engine/src/Controller.cpp:229] Found [Up] being pressed
[2019-11-24 05:36:12.351] [nemo] [debug] [engine/src/Controller.cpp:229] Found [Up] being pressed
[2019-11-24 05:36:12.385] [nemo] [debug] [engine/src/Controller.cpp:229] Found [Up] being pressed
[2019-11-24 05:36:12.418] [nemo] [debug] [engine/src/Controller.cpp:229] Found [Up] being pressed
[2019-11-24 05:36:12.451] [nemo] [debug] [engine/src/Controller.cpp:229] Found [Up] being pressed
[2019-11-24 05:36:12.484] [nemo] [debug] [engine/src/Controller.cpp:164] Key 22 released
[2019-11-24 05:36:12.749] [nemo] [debug] [engine/src/Controller.cpp:149] Key 0 pressed
[2019-11-24 05:36:12.750] [nemo] [debug] [engine/src/Controller.cpp:229] Found [Left] being pressed
[2019-11-24 05:36:12.782] [nemo] [debug] [engine/src/Controller.cpp:229] Found [Left] being pressed
[2019-11-24 05:36:12.815] [nemo] [debug] [engine/src/Controller.cpp:229] Found [Left] being pressed
[2019-11-24 05:36:12.848] [nemo] [debug] [engine/src/Controller.cpp:229] Found [Left] being pressed
[2019-11-24 05:36:12.881] [nemo] [debug] [engine/src/Controller.cpp:229] Found [Left] being pressed
[2019-11-24 05:36:12.914] [nemo] [debug] [engine/src/Controller.cpp:229] Found [Left] being pressed
[2019-11-24 05:36:12.948] [nemo] [debug] [engine/src/Controller.cpp:229] Found [Left] being pressed
[2019-11-24 05:36:12.981] [nemo] [debug] [engine/src/Controller.cpp:229] Found [Left] being pressed
[2019-11-24 05:36:13.014] [nemo] [debug] [engine/src/Controller.cpp:229] Found [Left] being pressed
[2019-11-24 05:36:13.048] [nemo] [debug] [engine/src/Controller.cpp:229] Found [Left] being pressed
[2019-11-24 05:36:13.081] [nemo] [debug] [engine/src/Controller.cpp:229] Found [Left] being pressed
[2019-11-24 05:36:13.114] [nemo] [debug] [engine/src/Controller.cpp:164] Key 0 released
[2019-11-24 05:36:13.643] [nemo] [debug] [engine/src/Controller.cpp:149] Key 0 pressed
[2019-11-24 05:36:13.643] [nemo] [debug] [engine/src/Controller.cpp:229] Found [Left] being pressed
[2019-11-24 05:36:13.676] [nemo] [debug] [engine/src/Controller.cpp:229] Found [Left] being pressed
[2019-11-24 05:36:13.711] [nemo] [debug] [engine/src/Controller.cpp:229] Found [Left] being pressed
[2019-11-24 05:36:13.743] [nemo] [debug] [engine/src/Controller.cpp:229] Found [Left] being pressed
[2019-11-24 05:36:13.777] [nemo] [debug] [engine/src/Controller.cpp:229] Found [Left] being pressed
[2019-11-24 05:36:13.809] [nemo] [debug] [engine/src/Controller.cpp:229] Found [Left] being pressed
[2019-11-24 05:36:13.842] [nemo] [debug] [engine/src/Controller.cpp:229] Found [Left] being pressed
[2019-11-24 05:36:13.875] [nemo] [debug] [engine/src/Controller.cpp:229] Found [Left] being pressed
[2019-11-24 05:36:13.908] [nemo] [debug] [engine/src/Controller.cpp:229] Found [Left] being pressed
[2019-11-24 05:36:13.941] [nemo] [debug] [engine/src/Controller.cpp:229] Found [Left] being pressed
[2019-11-24 05:36:13.974] [nemo] [debug] [engine/src/Controller.cpp:164] Key 0 released
[2019-11-24 05:36:14.172] [nemo] [debug] [engine/src/Controller.cpp:149] Key 18 pressed
[2019-11-24 05:36:14.173] [nemo] [debug] [engine/src/Controller.cpp:229] Found [Down] being pressed
[2019-11-24 05:36:14.205] [nemo] [debug] [engine/src/Controller.cpp:229] Found [Down] being pressed
[2019-11-24 05:36:14.238] [nemo] [debug] [engine/src/Controller.cpp:229] Found [Down] being pressed
[2019-11-24 05:36:14.271] [nemo] [debug] [engine/src/Controller.cpp:229] Found [Down] being pressed
[2019-11-24 05:36:14.305] [nemo] [debug] [engine/src/Controller.cpp:229] Found [Down] being pressed
[2019-11-24 05:36:14.339] [nemo] [debug] [engine/src/Controller.cpp:229] Found [Down] being pressed
[2019-11-24 05:36:14.372] [nemo] [debug] [engine/src/Controller.cpp:229] Found [Down] being pressed
[2019-11-24 05:36:14.406] [nemo] [debug] [engine/src/Controller.cpp:229] Found [Down] being pressed
[2019-11-24 05:36:14.439] [nemo] [debug] [engine/src/Controller.cpp:229] Found [Down] being pressed
[2019-11-24 05:36:14.472] [nemo] [debug] [engine/src/Controller.cpp:229] Found [Down] being pressed
[2019-11-24 05:36:14.506] [nemo] [debug] [engine/src/Controller.cpp:229] Found [Down] being pressed
[2019-11-24 05:36:14.539] [nemo] [debug] [engine/src/Controller.cpp:229] Found [Down] being pressed
[2019-11-24 05:36:14.572] [nemo] [debug] [engine/src/Controller.cpp:229] Found [Down] being pressed
[2019-11-24 05:36:14.606] [nemo] [debug] [engine/src/Controller.cpp:164] Key 18 released
[2019-11-24 05:36:15.102] [nemo] [debug] [engine/src/Controller.cpp:149] Key 3 pressed
[2019-11-24 05:36:15.103] [nemo] [debug] [engine/src/Controller.cpp:229] Found [Right] being pressed
[2019-11-24 05:36:15.135] [nemo] [debug] [engine/src/Controller.cpp:229] Found [Right] being pressed
[2019-11-24 05:36:15.168] [nemo] [debug] [engine/src/Controller.cpp:229] Found [Right] being pressed
[2019-11-24 05:36:15.201] [nemo] [debug] [engine/src/Controller.cpp:229] Found [Right] being pressed
[2019-11-24 05:36:15.234] [nemo] [debug] [engine/src/Controller.cpp:229] Found [Right] being pressed
[2019-11-24 05:36:15.267] [nemo] [debug] [engine/src/Controller.cpp:229] Found [Right] being pressed
[2019-11-24 05:36:15.300] [nemo] [debug] [engine/src/Controller.cpp:229] Found [Right] being pressed
[2019-11-24 05:36:15.333] [nemo] [debug] [engine/src/Controller.cpp:229] Found [Right] being pressed
[2019-11-24 05:36:15.366] [nemo] [debug] [engine/src/Controller.cpp:229] Found [Right] being pressed
[2019-11-24 05:36:15.400] [nemo] [debug] [engine/src/Controller.cpp:229] Found [Right] being pressed
[2019-11-24 05:36:15.433] [nemo] [debug] [engine/src/Controller.cpp:229] Found [Right] being pressed
[2019-11-24 05:36:15.467] [nemo] [debug] [engine/src/Controller.cpp:229] Found [Right] being pressed
[2019-11-24 05:36:15.500] [nemo] [debug] [engine/src/Controller.cpp:229] Found [Right] being pressed
[2019-11-24 05:36:15.534] [nemo] [debug] [engine/src/Controller.cpp:229] Found [Right] being pressed
[2019-11-24 05:36:15.567] [nemo] [debug] [engine/src/Controller.cpp:229] Found [Right] being pressed
[2019-11-24 05:36:15.600] [nemo] [debug] [engine/src/Controller.cpp:164] Key 3 released
[2019-11-24 05:36:15.966] [nemo] [debug] [engine/src/Controller.cpp:149] Key 3 pressed
[2019-11-24 05:36:15.967] [nemo] [debug] [engine/src/Controller.cpp:229] Found [Right] being pressed
[2019-11-24 05:36:15.999] [nemo] [debug] [engine/src/Controller.cpp:229] Found [Right] being pressed
[2019-11-24 05:36:16.033] [nemo] [debug] [engine/src/Controller.cpp:229] Found [Right] being pressed
[2019-11-24 05:36:16.067] [nemo] [debug] [engine/src/Controller.cpp:229] Found [Right] being pressed
[2019-11-24 05:36:16.100] [nemo] [debug] [engine/src/Controller.cpp:229] Found [Right] being pressed
[2019-11-24 05:36:16.134] [nemo] [debug] [engine/src/Controller.cpp:229] Found [Right] being pressed
[2019-11-24 05:36:16.168] [nemo] [debug] [engine/src/Controller.cpp:229] Found [Right] being pressed
[2019-11-24 05:36:16.201] [nemo] [debug] [engine/src/Controller.cpp:229] Found [Right] being pressed
[2019-11-24 05:36:16.234] [nemo] [debug] [engine/src/Controller.cpp:229] Found [Right] being pressed
[2019-11-24 05:36:16.267] [nemo] [debug] [engine/src/Controller.cpp:229] Found [Right] being pressed
[2019-11-24 05:36:16.301] [nemo] [debug] [engine/src/Controller.cpp:229] Found [Right] being pressed
[2019-11-24 05:36:16.335] [nemo] [debug] [engine/src/Controller.cpp:229] Found [Right] being pressed
[2019-11-24 05:36:16.368] [nemo] [debug] [engine/src/Controller.cpp:229] Found [Right] being pressed
[2019-11-24 05:36:16.401] [nemo] [debug] [engine/src/Controller.cpp:229] Found [Right] being pressed
[2019-11-24 05:36:16.434] [nemo] [debug] [engine/src/Controller.cpp:229] Found [Right] being pressed
[2019-11-24 05:36:16.468] [nemo] [debug] [engine/src/Controller.cpp:229] Found [Right] being pressed
[2019-11-24 05:36:16.501] [nemo] [debug] [engine/src/Controller.cpp:229] Found [Right] being pressed
[2019-11-24 05:36:16.535] [nemo] [debug] [engine/src/Controller.cpp:229] Found [Right] being pressed
[2019-11-24 05:36:16.569] [nemo] [debug] [engine/src/Controller.cpp:164] Key 3 released
[2019-11-24 05:36:16.899] [nemo] [debug] [engine/src/Controller.cpp:149] Key 18 pressed
[2019-11-24 05:36:16.900] [nemo] [debug] [engine/src/Controller.cpp:229] Found [Down] being pressed
[2019-11-24 05:36:16.932] [nemo] [debug] [engine/src/Controller.cpp:229] Found [Down] being pressed
[2019-11-24 05:36:16.966] [nemo] [debug] [engine/src/Controller.cpp:229] Found [Down] being pressed
[2019-11-24 05:36:17.000] [nemo] [debug] [engine/src/Controller.cpp:229] Found [Down] being pressed
[2019-11-24 05:36:17.033] [nemo] [debug] [engine/src/Controller.cpp:229] Found [Down] being pressed
[2019-11-24 05:36:17.066] [nemo] [debug] [engine/src/Controller.cpp:229] Found [Down] being pressed
[2019-11-24 05:36:17.100] [nemo] [debug] [engine/src/Controller.cpp:229] Found [Down] being pressed
[2019-11-24 05:36:17.133] [nemo] [debug] [engine/src/Controller.cpp:229] Found [Down] being pressed
[2019-11-24 05:36:17.167] [nemo] [debug] [engine/src/Controller.cpp:229] Found [Down] being pressed
[2019-11-24 05:36:17.201] [nemo] [debug] [engine/src/Controller.cpp:229] Found [Down] being pressed
[2019-11-24 05:36:17.234] [nemo] [debug] [engine/src/Controller.cpp:229] Found [Down] being pressed
[2019-11-24 05:36:17.267] [nemo] [debug] [engine/src/Controller.cpp:229] Found [Down] being pressed
[2019-11-24 05:36:17.301] [nemo] [debug] [engine/src/Controller.cpp:229] Found [Down] being pressed
[2019-11-24 05:36:17.334] [nemo] [debug] [engine/src/Controller.cpp:229] Found [Down] being pressed
[2019-11-24 05:36:17.367] [nemo] [debug] [engine/src/Controller.cpp:229] Found [Down] being pressed
[2019-11-24 05:36:17.401] [nemo] [debug] [engine/src/Controller.cpp:229] Found [Down] being pressed
[2019-11-24 05:36:17.435] [nemo] [debug] [engine/src/Controller.cpp:229] Found [Down] being pressed
[2019-11-24 05:36:17.469] [nemo] [debug] [engine/src/Controller.cpp:164] Key 18 released
[2019-11-24 05:36:17.864] [nemo] [debug] [engine/src/Controller.cpp:149] Key 18 pressed
[2019-11-24 05:36:17.865] [nemo] [debug] [engine/src/Controller.cpp:229] Found [Down] being pressed
[2019-11-24 05:36:17.896] [nemo] [debug] [engine/src/Controller.cpp:229] Found [Down] being pressed
[2019-11-24 05:36:17.929] [nemo] [debug] [engine/src/Controller.cpp:229] Found [Down] being pressed
[2019-11-24 05:36:17.962] [nemo] [debug] [engine/src/Controller.cpp:229] Found [Down] being pressed
[2019-11-24 05:36:17.995] [nemo] [debug] [engine/src/Controller.cpp:229] Found [Down] being pressed
[2019-11-24 05:36:18.029] [nemo] [debug] [engine/src/Controller.cpp:229] Found [Down] being pressed
[2019-11-24 05:36:18.062] [nemo] [debug] [engine/src/Controller.cpp:229] Found [Down] being pressed
[2019-11-24 05:36:18.095] [nemo] [debug] [engine/src/Controller.cpp:229] Found [Down] being pressed
[2019-11-24 05:36:18.129] [nemo] [debug] [engine/src/Controller.cpp:229] Found [Down] being pressed
[2019-11-24 05:36:18.162] [nemo] [debug] [engine/src/Controller.cpp:229] Found [Down] being pressed
[2019-11-24 05:36:18.195] [nemo] [debug] [engine/src/Controller.cpp:164] Key 18 released
[2019-11-24 05:36:18.757] [nemo] [debug] [engine/src/Controller.cpp:149] Key 0 pressed
[2019-11-24 05:36:18.758] [nemo] [debug] [engine/src/Controller.cpp:229] Found [Left] being pressed
[2019-11-24 05:36:18.790] [nemo] [debug] [engine/src/Controller.cpp:229] Found [Left] being pressed
[2019-11-24 05:36:18.823] [nemo] [debug] [engine/src/Controller.cpp:229] Found [Left] being pressed
[2019-11-24 05:36:18.856] [nemo] [debug] [engine/src/Controller.cpp:229] Found [Left] being pressed
[2019-11-24 05:36:18.889] [nemo] [debug] [engine/src/Controller.cpp:229] Found [Left] being pressed
[2019-11-24 05:36:18.923] [nemo] [debug] [engine/src/Controller.cpp:229] Found [Left] being pressed
[2019-11-24 05:36:18.957] [nemo] [debug] [engine/src/Controller.cpp:229] Found [Left] being pressed
[2019-11-24 05:36:18.990] [nemo] [debug] [engine/src/Controller.cpp:229] Found [Left] being pressed
[2019-11-24 05:36:19.023] [nemo] [debug] [engine/src/Controller.cpp:229] Found [Left] being pressed
[2019-11-24 05:36:19.057] [nemo] [debug] [engine/src/Controller.cpp:229] Found [Left] being pressed
[2019-11-24 05:36:19.091] [nemo] [debug] [engine/src/Controller.cpp:164] Key 0 released
[2019-11-24 05:36:20.114] [nemo] [debug] [engine/src/Controller.cpp:149] Key 22 pressed
[2019-11-24 05:36:20.115] [nemo] [debug] [engine/src/Controller.cpp:229] Found [Up] being pressed
[2019-11-24 05:36:20.147] [nemo] [debug] [engine/src/Controller.cpp:229] Found [Up] being pressed
[2019-11-24 05:36:20.180] [nemo] [debug] [engine/src/Controller.cpp:229] Found [Up] being pressed
[2019-11-24 05:36:20.213] [nemo] [debug] [engine/src/Controller.cpp:229] Found [Up] being pressed
[2019-11-24 05:36:20.246] [nemo] [debug] [engine/src/Controller.cpp:229] Found [Up] being pressed
[2019-11-24 05:36:20.280] [nemo] [debug] [engine/src/Controller.cpp:229] Found [Up] being pressed
[2019-11-24 05:36:20.313] [nemo] [debug] [engine/src/Controller.cpp:229] Found [Up] being pressed
[2019-11-24 05:36:20.346] [nemo] [debug] [engine/src/Controller.cpp:164] Key 22 released
[2019-11-24 05:36:20.808] [nemo] [debug] [engine/src/Controller.cpp:149] Key 22 pressed
[2019-11-24 05:36:20.809] [nemo] [debug] [engine/src/Controller.cpp:229] Found [Up] being pressed
[2019-11-24 05:36:20.841] [nemo] [debug] [engine/src/Controller.cpp:229] Found [Up] being pressed
[2019-11-24 05:36:20.874] [nemo] [debug] [engine/src/Controller.cpp:229] Found [Up] being pressed
[2019-11-24 05:36:20.907] [nemo] [debug] [engine/src/Controller.cpp:229] Found [Up] being pressed
[2019-11-24 05:36:20.940] [nemo] [debug] [engine/src/Controller.cpp:229] Found [Up] being pressed
[2019-11-24 05:36:20.973] [nemo] [debug] [engine/src/Controller.cpp:229] Found [Up] being pressed
[2019-11-24 05:36:21.006] [nemo] [debug] [engine/src/Controller.cpp:229] Found [Up] being pressed
[2019-11-24 05:36:21.039] [nemo] [debug] [engine/src/Controller.cpp:229] Found [Up] being pressed
[2019-11-24 05:36:21.072] [nemo] [debug] [engine/src/Controller.cpp:229] Found [Up] being pressed
[2019-11-24 05:36:21.105] [nemo] [debug] [engine/src/Controller.cpp:229] Found [Up] being pressed
[2019-11-24 05:36:21.138] [nemo] [debug] [engine/src/Controller.cpp:164] Key 22 released
[2019-11-24 05:36:21.470] [nemo] [debug] [engine/src/Controller.cpp:149] Key 3 pressed
[2019-11-24 05:36:21.471] [nemo] [debug] [engine/src/Controller.cpp:229] Found [Right] being pressed
[2019-11-24 05:36:21.503] [nemo] [debug] [engine/src/Controller.cpp:229] Found [Right] being pressed
[2019-11-24 05:36:21.536] [nemo] [debug] [engine/src/Controller.cpp:229] Found [Right] being pressed
[2019-11-24 05:36:21.569] [nemo] [debug] [engine/src/Controller.cpp:229] Found [Right] being pressed
[2019-11-24 05:36:21.602] [nemo] [debug] [engine/src/Controller.cpp:229] Found [Right] being pressed
[2019-11-24 05:36:21.635] [nemo] [debug] [engine/src/Controller.cpp:229] Found [Right] being pressed
[2019-11-24 05:36:21.668] [nemo] [debug] [engine/src/Controller.cpp:229] Found [Right] being pressed
[2019-11-24 05:36:21.701] [nemo] [debug] [engine/src/Controller.cpp:229] Found [Right] being pressed
[2019-11-24 05:36:21.734] [nemo] [debug] [engine/src/Controller.cpp:229] Found [Right] being pressed
[2019-11-24 05:36:21.767] [nemo] [debug] [engine/src/Controller.cpp:229] Found [Right] being pressed
[2019-11-24 05:36:21.800] [nemo] [debug] [engine/src/Controller.cpp:164] Key 3 released
[2019-11-24 05:36:22.196] [nemo] [debug] [engine/src/Controller.cpp:149] Key 22 pressed
[2019-11-24 05:36:22.197] [nemo] [debug] [engine/src/Controller.cpp:229] Found [Up] being pressed
[2019-11-24 05:36:22.229] [nemo] [debug] [engine/src/Controller.cpp:229] Found [Up] being pressed
[2019-11-24 05:36:22.262] [nemo] [debug] [engine/src/Controller.cpp:229] Found [Up] being pressed
[2019-11-24 05:36:22.295] [nemo] [debug] [engine/src/Controller.cpp:229] Found [Up] being pressed
[2019-11-24 05:36:22.328] [nemo] [debug] [engine/src/Controller.cpp:229] Found [Up] being pressed
[2019-11-24 05:36:22.361] [nemo] [debug] [engine/src/Controller.cpp:229] Found [Up] being pressed
[2019-11-24 05:36:22.394] [nemo] [debug] [engine/src/Controller.cpp:229] Found [Up] being pressed
[2019-11-24 05:36:22.427] [nemo] [debug] [engine/src/Controller.cpp:229] Found [Up] being pressed
[2019-11-24 05:36:22.460] [nemo] [debug] [engine/src/Controller.cpp:164] Key 22 released
[2019-11-24 05:36:22.759] [nemo] [debug] [engine/src/Controller.cpp:149] Key 3 pressed
[2019-11-24 05:36:22.760] [nemo] [debug] [engine/src/Controller.cpp:229] Found [Right] being pressed
[2019-11-24 05:36:22.792] [nemo] [debug] [engine/src/Controller.cpp:229] Found [Right] being pressed
[2019-11-24 05:36:22.826] [nemo] [debug] [engine/src/Controller.cpp:229] Found [Right] being pressed
[2019-11-24 05:36:22.859] [nemo] [debug] [engine/src/Controller.cpp:229] Found [Right] being pressed
[2019-11-24 05:36:22.892] [nemo] [debug] [engine/src/Controller.cpp:229] Found [Right] being pressed
[2019-11-24 05:36:22.925] [nemo] [debug] [engine/src/Controller.cpp:229] Found [Right] being pressed
[2019-11-24 05:36:22.958] [nemo] [debug] [engine/src/Controller.cpp:229] Found [Right] being pressed
[2019-11-24 05:36:22.991] [nemo] [debug] [engine/src/Controller.cpp:229] Found [Right] being pressed
[2019-11-24 05:36:23.025] [nemo] [debug] [engine/src/Controller.cpp:229] Found [Right] being pressed
[2019-11-24 05:36:23.058] [nemo] [debug] [engine/src/Controller.cpp:229] Found [Right] being pressed
[2019-11-24 05:36:23.092] [nemo] [debug] [engine/src/Controller.cpp:229] Found [Right] being pressed
[2019-11-24 05:36:23.125] [nemo] [debug] [engine/src/Controller.cpp:229] Found [Right] being pressed
[2019-11-24 05:36:23.158] [nemo] [debug] [engine/src/Controller.cpp:164] Key 3 released
[2019-11-24 05:36:23.423] [nemo] [debug] [engine/src/Controller.cpp:149] Key 3 pressed
[2019-11-24 05:36:23.424] [nemo] [debug] [engine/src/Controller.cpp:229] Found [Right] being pressed
[2019-11-24 05:36:23.456] [nemo] [debug] [engine/src/Controller.cpp:229] Found [Right] being pressed
[2019-11-24 05:36:23.490] [nemo] [debug] [engine/src/Controller.cpp:229] Found [Right] being pressed
[2019-11-24 05:36:23.523] [nemo] [debug] [engine/src/Controller.cpp:229] Found [Right] being pressed
[2019-11-24 05:36:23.556] [nemo] [debug] [engine/src/Controller.cpp:229] Found [Right] being pressed
[2019-11-24 05:36:23.590] [nemo] [debug] [engine/src/Controller.cpp:229] Found [Right] being pressed
[2019-11-24 05:36:23.624] [nemo] [debug] [engine/src/Controller.cpp:229] Found [Right] being pressed
[2019-11-24 05:36:23.657] [nemo] [debug] [engine/src/Controller.cpp:229] Found [Right] being pressed
[2019-11-24 05:36:23.691] [nemo] [debug] [engine/src/Controller.cpp:229] Found [Right] being pressed
[2019-11-24 05:36:23.724] [nemo] [debug] [engine/src/Controller.cpp:229] Found [Right] being pressed
[2019-11-24 05:36:23.758] [nemo] [debug] [engine/src/Controller.cpp:229] Found [Right] being pressed
[2019-11-24 05:36:23.791] [nemo] [debug] [engine/src/Controller.cpp:229] Found [Right] being pressed
[2019-11-24 05:36:23.824] [nemo] [debug] [engine/src/Controller.cpp:164] Key 3 released
[2019-11-24 05:36:24.155] [nemo] [debug] [engine/src/Controller.cpp:149] Key 3 pressed
[2019-11-24 05:36:24.156] [nemo] [debug] [engine/src/Controller.cpp:229] Found [Right] being pressed
[2019-11-24 05:36:24.188] [nemo] [debug] [engine/src/Controller.cpp:229] Found [Right] being pressed
[2019-11-24 05:36:24.222] [nemo] [debug] [engine/src/Controller.cpp:229] Found [Right] being pressed
[2019-11-24 05:36:24.255] [nemo] [debug] [engine/src/Controller.cpp:229] Found [Right] being pressed
[2019-11-24 05:36:24.288] [nemo] [debug] [engine/src/Controller.cpp:229] Found [Right] being pressed
[2019-11-24 05:36:24.321] [nemo] [debug] [engine/src/Controller.cpp:229] Found [Right] being pressed
[2019-11-24 05:36:24.354] [nemo] [debug] [engine/src/Controller.cpp:229] Found [Right] being pressed
[2019-11-24 05:36:24.387] [nemo] [debug] [engine/src/Controller.cpp:229] Found [Right] being pressed
[2019-11-24 05:36:24.421] [nemo] [debug] [engine/src/Controller.cpp:229] Found [Right] being pressed
[2019-11-24 05:36:24.454] [nemo] [debug] [engine/src/Controller.cpp:164] Key 3 released
[2019-11-24 05:36:24.751] [nemo] [debug] [engine/src/Controller.cpp:149] Key 18 pressed
[2019-11-24 05:36:24.752] [nemo] [debug] [engine/src/Controller.cpp:229] Found [Down] being pressed
[2019-11-24 05:36:24.783] [nemo] [debug] [engine/src/Controller.cpp:229] Found [Down] being pressed
[2019-11-24 05:36:24.817] [nemo] [debug] [engine/src/Controller.cpp:229] Found [Down] being pressed
[2019-11-24 05:36:24.850] [nemo] [debug] [engine/src/Controller.cpp:229] Found [Down] being pressed
[2019-11-24 05:36:24.883] [nemo] [debug] [engine/src/Controller.cpp:229] Found [Down] being pressed
[2019-11-24 05:36:24.916] [nemo] [debug] [engine/src/Controller.cpp:229] Found [Down] being pressed
[2019-11-24 05:36:24.949] [nemo] [debug] [engine/src/Controller.cpp:229] Found [Down] being pressed
[2019-11-24 05:36:24.983] [nemo] [debug] [engine/src/Controller.cpp:229] Found [Down] being pressed
[2019-11-24 05:36:25.016] [nemo] [debug] [engine/src/Controller.cpp:229] Found [Down] being pressed
[2019-11-24 05:36:25.049] [nemo] [debug] [engine/src/Controller.cpp:229] Found [Down] being pressed
[2019-11-24 05:36:25.082] [nemo] [debug] [engine/src/Controller.cpp:164] Key 18 released
[2019-11-24 05:36:25.546] [nemo] [debug] [engine/src/Controller.cpp:149] Key 18 pressed
[2019-11-24 05:36:25.547] [nemo] [debug] [engine/src/Controller.cpp:229] Found [Down] being pressed
[2019-11-24 05:36:25.579] [nemo] [debug] [engine/src/Controller.cpp:229] Found [Down] being pressed
[2019-11-24 05:36:25.612] [nemo] [debug] [engine/src/Controller.cpp:229] Found [Down] being pressed
[2019-11-24 05:36:25.646] [nemo] [debug] [engine/src/Controller.cpp:229] Found [Down] being pressed
[2019-11-24 05:36:25.679] [nemo] [debug] [engine/src/Controller.cpp:229] Found [Down] being pressed
[2019-11-24 05:36:25.712] [nemo] [debug] [engine/src/Controller.cpp:229] Found [Down] being pressed
[2019-11-24 05:36:25.746] [nemo] [debug] [engine/src/Controller.cpp:229] Found [Down] being pressed
[2019-11-24 05:36:25.780] [nemo] [debug] [engine/src/Controller.cpp:229] Found [Down] being pressed
[2019-11-24 05:36:25.813] [nemo] [debug] [engine/src/Controller.cpp:229] Found [Down] being pressed
[2019-11-24 05:36:25.846] [nemo] [debug] [engine/src/Controller.cpp:164] Key 18 released
[2019-11-24 05:36:26.473] [nemo] [debug] [engine/src/Controller.cpp:149] Key 16 pressed
[2019-11-24 05:36:26.474] [nemo] [debug] [engine/src/Controller.cpp:229] Found [Cancel] being pressed
[2019-11-24 05:36:26.506] [nemo] [debug] [engine/src/Controller.cpp:229] Found [Cancel] being pressed
[2019-11-24 05:36:26.539] [nemo] [debug] [engine/src/Controller.cpp:229] Found [Cancel] being pressed
[2019-11-24 05:36:26.572] [nemo] [debug] [engine/src/Controller.cpp:229] Found [Cancel] being pressed
[2019-11-24 05:36:26.605] [nemo] [debug] [engine/src/Controller.cpp:229] Found [Cancel] being pressed
[2019-11-24 05:36:26.638] [nemo] [debug] [engine/src/Controller.cpp:229] Found [Cancel] being pressed
[2019-11-24 05:36:26.671] [nemo] [debug] [engine/src/Controller.cpp:164] Key 16 released
[2019-11-24 05:36:27.103] [nemo] [debug] [engine/src/Controller.cpp:149] Key 16 pressed
[2019-11-24 05:36:27.104] [nemo] [debug] [engine/src/Controller.cpp:229] Found [Cancel] being pressed
[2019-11-24 05:36:27.137] [nemo] [debug] [engine/src/Controller.cpp:229] Found [Cancel] being pressed
[2019-11-24 05:36:27.170] [nemo] [debug] [engine/src/Controller.cpp:229] Found [Cancel] being pressed
[2019-11-24 05:36:27.204] [nemo] [debug] [engine/src/Controller.cpp:229] Found [Cancel] being pressed
[2019-11-24 05:36:27.237] [nemo] [debug] [engine/src/Controller.cpp:229] Found [Cancel] being pressed
[2019-11-24 05:36:27.270] [nemo] [debug] [engine/src/Controller.cpp:164] Key 16 released
[2019-11-24 05:36:27.698] [nemo] [debug] [engine/src/Controller.cpp:149] Key 18 pressed
[2019-11-24 05:36:27.699] [nemo] [debug] [engine/src/Controller.cpp:229] Found [Down] being pressed
[2019-11-24 05:36:27.732] [nemo] [debug] [engine/src/Controller.cpp:229] Found [Down] being pressed
[2019-11-24 05:36:27.765] [nemo] [debug] [engine/src/Controller.cpp:229] Found [Down] being pressed
[2019-11-24 05:36:27.799] [nemo] [debug] [engine/src/Controller.cpp:164] Key 18 released
[2019-11-24 05:36:28.263] [nemo] [debug] [engine/src/Controller.cpp:149] Key 18 pressed
[2019-11-24 05:36:28.264] [nemo] [debug] [engine/src/Controller.cpp:229] Found [Down] being pressed
[2019-11-24 05:36:28.296] [nemo] [debug] [engine/src/Controller.cpp:229] Found [Down] being pressed
[2019-11-24 05:36:28.330] [nemo] [debug] [engine/src/Controller.cpp:164] Key 18 released
[2019-11-24 05:36:28.660] [nemo] [debug] [engine/src/Controller.cpp:149] Key 18 pressed
[2019-11-24 05:36:28.661] [nemo] [debug] [engine/src/Controller.cpp:229] Found [Down] being pressed
[2019-11-24 05:36:28.693] [nemo] [debug] [engine/src/Controller.cpp:229] Found [Down] being pressed
[2019-11-24 05:36:28.727] [nemo] [debug] [engine/src/Controller.cpp:164] Key 18 released
[2019-11-24 05:36:29.321] [nemo] [debug] [engine/src/Controller.cpp:149] Key 18 pressed
[2019-11-24 05:36:29.322] [nemo] [debug] [engine/src/Controller.cpp:229] Found [Down] being pressed
[2019-11-24 05:36:29.355] [nemo] [debug] [engine/src/Controller.cpp:229] Found [Down] being pressed
[2019-11-24 05:36:29.388] [nemo] [debug] [engine/src/Controller.cpp:229] Found [Down] being pressed
[2019-11-24 05:36:29.421] [nemo] [debug] [engine/src/Controller.cpp:229] Found [Down] being pressed
[2019-11-24 05:36:29.454] [nemo] [debug] [engine/src/Controller.cpp:164] Key 18 released
[2019-11-24 05:36:29.817] [nemo] [debug] [engine/src/Controller.cpp:149] Key 3 pressed
[2019-11-24 05:36:29.818] [nemo] [debug] [engine/src/Controller.cpp:229] Found [Right] being pressed
[2019-11-24 05:36:29.850] [nemo] [debug] [engine/src/Controller.cpp:229] Found [Right] being pressed
[2019-11-24 05:36:29.883] [nemo] [debug] [engine/src/Controller.cpp:229] Found [Right] being pressed
[2019-11-24 05:36:29.916] [nemo] [debug] [engine/src/Controller.cpp:229] Found [Right] being pressed
[2019-11-24 05:36:29.949] [nemo] [debug] [engine/src/Controller.cpp:164] Key 3 released
[2019-11-24 05:36:42.931] [nemo] [debug] [engine/src/Controller.cpp:149] Key 18 pressed
[2019-11-24 05:36:42.932] [nemo] [debug] [engine/src/Controller.cpp:229] Found [Down] being pressed
[2019-11-24 05:36:42.965] [nemo] [debug] [engine/src/Controller.cpp:229] Found [Down] being pressed
[2019-11-24 05:36:42.999] [nemo] [debug] [engine/src/Controller.cpp:229] Found [Down] being pressed
[2019-11-24 05:36:43.032] [nemo] [debug] [engine/src/Controller.cpp:229] Found [Down] being pressed
[2019-11-24 05:36:43.066] [nemo] [debug] [engine/src/Controller.cpp:229] Found [Down] being pressed
[2019-11-24 05:36:43.099] [nemo] [debug] [engine/src/Controller.cpp:229] Found [Down] being pressed
[2019-11-24 05:36:43.132] [nemo] [debug] [engine/src/Controller.cpp:229] Found [Down] being pressed
[2019-11-24 05:36:43.166] [nemo] [debug] [engine/src/Controller.cpp:229] Found [Down] being pressed
[2019-11-24 05:36:43.199] [nemo] [debug] [engine/src/Controller.cpp:229] Found [Down] being pressed
[2019-11-24 05:36:43.233] [nemo] [debug] [engine/src/Controller.cpp:164] Key 18 released
[2019-11-24 05:36:43.365] [nemo] [debug] [engine/src/Controller.cpp:149] Key 3 pressed
[2019-11-24 05:36:43.366] [nemo] [debug] [engine/src/Controller.cpp:229] Found [Right] being pressed
[2019-11-24 05:36:43.398] [nemo] [debug] [engine/src/Controller.cpp:229] Found [Right] being pressed
[2019-11-24 05:36:43.431] [nemo] [debug] [engine/src/Controller.cpp:229] Found [Right] being pressed
[2019-11-24 05:36:43.465] [nemo] [debug] [engine/src/Controller.cpp:229] Found [Right] being pressed
[2019-11-24 05:36:43.498] [nemo] [debug] [engine/src/Controller.cpp:229] Found [Right] being pressed
[2019-11-24 05:36:43.531] [nemo] [debug] [engine/src/Controller.cpp:164] Key 3 released
[2019-11-24 05:36:43.762] [nemo] [debug] [engine/src/Controller.cpp:149] Key 18 pressed
[2019-11-24 05:36:43.763] [nemo] [debug] [engine/src/Controller.cpp:229] Found [Down] being pressed
[2019-11-24 05:36:43.795] [nemo] [debug] [engine/src/Controller.cpp:229] Found [Down] being pressed
[2019-11-24 05:36:43.828] [nemo] [debug] [engine/src/Controller.cpp:229] Found [Down] being pressed
[2019-11-24 05:36:43.861] [nemo] [debug] [engine/src/Controller.cpp:229] Found [Down] being pressed
[2019-11-24 05:36:43.894] [nemo] [debug] [engine/src/Controller.cpp:229] Found [Down] being pressed
[2019-11-24 05:36:43.927] [nemo] [debug] [engine/src/Controller.cpp:229] Found [Down] being pressed
[2019-11-24 05:36:43.960] [nemo] [debug] [engine/src/Controller.cpp:229] Found [Down] being pressed
[2019-11-24 05:36:43.993] [nemo] [debug] [engine/src/Controller.cpp:229] Found [Down] being pressed
[2019-11-24 05:36:44.026] [nemo] [debug] [engine/src/Controller.cpp:229] Found [Down] being pressed
[2019-11-24 05:36:44.059] [nemo] [debug] [engine/src/Controller.cpp:229] Found [Down] being pressed
[2019-11-24 05:36:44.092] [nemo] [debug] [engine/src/Controller.cpp:229] Found [Down] being pressed
[2019-11-24 05:36:44.126] [nemo] [debug] [engine/src/Controller.cpp:164] Key 18 released
[2019-11-24 05:36:44.359] [nemo] [debug] [engine/src/Controller.cpp:149] Key 3 pressed
[2019-11-24 05:36:44.360] [nemo] [debug] [engine/src/Controller.cpp:229] Found [Right] being pressed
[2019-11-24 05:36:44.392] [nemo] [debug] [engine/src/Controller.cpp:229] Found [Right] being pressed
[2019-11-24 05:36:44.425] [nemo] [debug] [engine/src/Controller.cpp:229] Found [Right] being pressed
[2019-11-24 05:36:44.458] [nemo] [debug] [engine/src/Controller.cpp:229] Found [Right] being pressed
[2019-11-24 05:36:44.491] [nemo] [debug] [engine/src/Controller.cpp:229] Found [Right] being pressed
[2019-11-24 05:36:44.524] [nemo] [debug] [engine/src/Controller.cpp:229] Found [Right] being pressed
[2019-11-24 05:36:44.558] [nemo] [debug] [engine/src/Controller.cpp:229] Found [Right] being pressed
[2019-11-24 05:36:44.591] [nemo] [debug] [engine/src/Controller.cpp:229] Found [Right] being pressed
[2019-11-24 05:36:44.624] [nemo] [debug] [engine/src/Controller.cpp:229] Found [Right] being pressed
[2019-11-24 05:36:44.658] [nemo] [debug] [engine/src/Controller.cpp:229] Found [Right] being pressed
[2019-11-24 05:36:44.690] [nemo] [debug] [engine/src/Controller.cpp:229] Found [Right] being pressed
[2019-11-24 05:36:44.724] [nemo] [debug] [engine/src/Controller.cpp:164] Key 3 released
[2019-11-24 05:36:44.954] [nemo] [debug] [engine/src/Controller.cpp:149] Key 18 pressed
[2019-11-24 05:36:44.954] [nemo] [debug] [engine/src/Controller.cpp:229] Found [Down] being pressed
[2019-11-24 05:36:44.987] [nemo] [debug] [engine/src/Controller.cpp:229] Found [Down] being pressed
[2019-11-24 05:36:45.020] [nemo] [debug] [engine/src/Controller.cpp:229] Found [Down] being pressed
[2019-11-24 05:36:45.053] [nemo] [debug] [engine/src/Controller.cpp:229] Found [Down] being pressed
[2019-11-24 05:36:45.086] [nemo] [debug] [engine/src/Controller.cpp:229] Found [Down] being pressed
[2019-11-24 05:36:45.119] [nemo] [debug] [engine/src/Controller.cpp:229] Found [Down] being pressed
[2019-11-24 05:36:45.152] [nemo] [debug] [engine/src/Controller.cpp:229] Found [Down] being pressed
[2019-11-24 05:36:45.185] [nemo] [debug] [engine/src/Controller.cpp:229] Found [Down] being pressed
[2019-11-24 05:36:45.219] [nemo] [debug] [engine/src/Controller.cpp:229] Found [Down] being pressed
[2019-11-24 05:36:45.252] [nemo] [debug] [engine/src/Controller.cpp:229] Found [Down] being pressed
[2019-11-24 05:36:45.285] [nemo] [debug] [engine/src/Controller.cpp:229] Found [Down] being pressed
[2019-11-24 05:36:45.318] [nemo] [debug] [engine/src/Controller.cpp:164] Key 18 released
[2019-11-24 05:36:45.716] [nemo] [debug] [engine/src/Controller.cpp:149] Key 18 pressed
[2019-11-24 05:36:45.716] [nemo] [debug] [engine/src/Controller.cpp:229] Found [Down] being pressed
[2019-11-24 05:36:45.750] [nemo] [debug] [engine/src/Controller.cpp:229] Found [Down] being pressed
[2019-11-24 05:36:45.782] [nemo] [debug] [engine/src/Controller.cpp:229] Found [Down] being pressed
[2019-11-24 05:36:45.816] [nemo] [debug] [engine/src/Controller.cpp:229] Found [Down] being pressed
[2019-11-24 05:36:45.849] [nemo] [debug] [engine/src/Controller.cpp:229] Found [Down] being pressed
[2019-11-24 05:36:45.882] [nemo] [debug] [engine/src/Controller.cpp:229] Found [Down] being pressed
[2019-11-24 05:36:45.915] [nemo] [debug] [engine/src/Controller.cpp:229] Found [Down] being pressed
[2019-11-24 05:36:45.948] [nemo] [debug] [engine/src/Controller.cpp:229] Found [Down] being pressed
[2019-11-24 05:36:45.981] [nemo] [debug] [engine/src/Controller.cpp:164] Key 18 released
[2019-11-24 05:36:46.148] [nemo] [debug] [engine/src/Controller.cpp:149] Key 18 pressed
[2019-11-24 05:36:46.149] [nemo] [debug] [engine/src/Controller.cpp:229] Found [Down] being pressed
[2019-11-24 05:36:46.181] [nemo] [debug] [engine/src/Controller.cpp:229] Found [Down] being pressed
[2019-11-24 05:36:46.215] [nemo] [debug] [engine/src/Controller.cpp:229] Found [Down] being pressed
[2019-11-24 05:36:46.248] [nemo] [debug] [engine/src/Controller.cpp:229] Found [Down] being pressed
[2019-11-24 05:36:46.282] [nemo] [debug] [engine/src/Controller.cpp:164] Key 18 released
[2019-11-24 05:36:46.415] [nemo] [debug] [engine/src/Controller.cpp:149] Key 18 pressed
[2019-11-24 05:36:46.416] [nemo] [debug] [engine/src/Controller.cpp:229] Found [Down] being pressed
[2019-11-24 05:36:46.448] [nemo] [debug] [engine/src/Controller.cpp:229] Found [Down] being pressed
[2019-11-24 05:36:46.482] [nemo] [debug] [engine/src/Controller.cpp:229] Found [Down] being pressed
[2019-11-24 05:36:46.516] [nemo] [debug] [engine/src/Controller.cpp:229] Found [Down] being pressed
[2019-11-24 05:36:46.549] [nemo] [debug] [engine/src/Controller.cpp:164] Key 18 released
[2019-11-24 05:36:46.715] [nemo] [debug] [engine/src/Controller.cpp:149] Key 0 pressed
[2019-11-24 05:36:46.715] [nemo] [debug] [engine/src/Controller.cpp:229] Found [Left] being pressed
[2019-11-24 05:36:46.749] [nemo] [debug] [engine/src/Controller.cpp:229] Found [Left] being pressed
[2019-11-24 05:36:46.782] [nemo] [debug] [engine/src/Controller.cpp:229] Found [Left] being pressed
[2019-11-24 05:36:46.816] [nemo] [debug] [engine/src/Controller.cpp:229] Found [Left] being pressed
[2019-11-24 05:36:46.850] [nemo] [debug] [engine/src/Controller.cpp:229] Found [Left] being pressed
[2019-11-24 05:36:46.883] [nemo] [debug] [engine/src/Controller.cpp:164] Key 0 released
[2019-11-24 05:36:47.081] [nemo] [debug] [engine/src/Controller.cpp:149] Key 0 pressed
[2019-11-24 05:36:47.082] [nemo] [debug] [engine/src/Controller.cpp:229] Found [Left] being pressed
[2019-11-24 05:36:47.115] [nemo] [debug] [engine/src/Controller.cpp:229] Found [Left] being pressed
[2019-11-24 05:36:47.148] [nemo] [debug] [engine/src/Controller.cpp:229] Found [Left] being pressed
[2019-11-24 05:36:47.181] [nemo] [debug] [engine/src/Controller.cpp:229] Found [Left] being pressed
[2019-11-24 05:36:47.214] [nemo] [debug] [engine/src/Controller.cpp:164] Key 0 released
[2019-11-24 05:36:47.347] [nemo] [debug] [engine/src/Controller.cpp:149] Key 0 pressed
[2019-11-24 05:36:47.348] [nemo] [debug] [engine/src/Controller.cpp:229] Found [Left] being pressed
[2019-11-24 05:36:47.381] [nemo] [debug] [engine/src/Controller.cpp:229] Found [Left] being pressed
[2019-11-24 05:36:47.414] [nemo] [debug] [engine/src/Controller.cpp:229] Found [Left] being pressed
[2019-11-24 05:36:47.447] [nemo] [debug] [engine/src/Controller.cpp:229] Found [Left] being pressed
[2019-11-24 05:36:47.480] [nemo] [debug] [engine/src/Controller.cpp:229] Found [Left] being pressed
[2019-11-24 05:36:47.513] [nemo] [debug] [engine/src/Controller.cpp:229] Found [Left] being pressed
[2019-11-24 05:36:47.547] [nemo] [debug] [engine/src/Controller.cpp:229] Found [Left] being pressed
[2019-11-24 05:36:47.580] [nemo] [debug] [engine/src/Controller.cpp:164] Key 0 released
[2019-11-24 05:36:47.614] [nemo] [debug] [engine/src/Controller.cpp:149] Key 22 pressed
[2019-11-24 05:36:47.615] [nemo] [debug] [engine/src/Controller.cpp:229] Found [Up] being pressed
[2019-11-24 05:36:47.647] [nemo] [debug] [engine/src/Controller.cpp:229] Found [Up] being pressed
[2019-11-24 05:36:47.681] [nemo] [debug] [engine/src/Controller.cpp:229] Found [Up] being pressed
[2019-11-24 05:36:47.714] [nemo] [debug] [engine/src/Controller.cpp:229] Found [Up] being pressed
[2019-11-24 05:36:47.748] [nemo] [debug] [engine/src/Controller.cpp:229] Found [Up] being pressed
[2019-11-24 05:36:47.781] [nemo] [debug] [engine/src/Controller.cpp:229] Found [Up] being pressed
[2019-11-24 05:36:47.814] [nemo] [debug] [engine/src/Controller.cpp:229] Found [Up] being pressed
[2019-11-24 05:36:47.847] [nemo] [debug] [engine/src/Controller.cpp:229] Found [Up] being pressed
[2019-11-24 05:36:47.880] [nemo] [debug] [engine/src/Controller.cpp:229] Found [Up] being pressed
[2019-11-24 05:36:47.913] [nemo] [debug] [engine/src/Controller.cpp:229] Found [Up] being pressed
[2019-11-24 05:36:47.946] [nemo] [debug] [engine/src/Controller.cpp:164] Key 22 released
[2019-11-24 05:36:48.047] [nemo] [debug] [engine/src/Controller.cpp:149] Key 0 pressed
[2019-11-24 05:36:48.048] [nemo] [debug] [engine/src/Controller.cpp:229] Found [Left] being pressed
[2019-11-24 05:36:48.080] [nemo] [debug] [engine/src/Controller.cpp:229] Found [Left] being pressed
[2019-11-24 05:36:48.114] [nemo] [debug] [engine/src/Controller.cpp:229] Found [Left] being pressed
[2019-11-24 05:36:48.148] [nemo] [debug] [engine/src/Controller.cpp:229] Found [Left] being pressed
[2019-11-24 05:36:48.181] [nemo] [debug] [engine/src/Controller.cpp:229] Found [Left] being pressed
[2019-11-24 05:36:48.214] [nemo] [debug] [engine/src/Controller.cpp:229] Found [Left] being pressed
[2019-11-24 05:36:48.247] [nemo] [debug] [engine/src/Controller.cpp:229] Found [Left] being pressed
[2019-11-24 05:36:48.280] [nemo] [debug] [engine/src/Controller.cpp:229] Found [Left] being pressed
[2019-11-24 05:36:48.313] [nemo] [debug] [engine/src/Controller.cpp:229] Found [Left] being pressed
[2019-11-24 05:36:48.346] [nemo] [debug] [engine/src/Controller.cpp:229] Found [Left] being pressed
[2019-11-24 05:36:48.379] [nemo] [debug] [engine/src/Controller.cpp:229] Found [Left] being pressed
[2019-11-24 05:36:48.413] [nemo] [debug] [engine/src/Controller.cpp:164] Key 0 released
[2019-11-24 05:36:48.546] [nemo] [debug] [engine/src/Controller.cpp:149] Key 22 pressed
[2019-11-24 05:36:48.547] [nemo] [debug] [engine/src/Controller.cpp:229] Found [Up] being pressed
[2019-11-24 05:36:48.579] [nemo] [debug] [engine/src/Controller.cpp:229] Found [Up] being pressed
[2019-11-24 05:36:48.612] [nemo] [debug] [engine/src/Controller.cpp:229] Found [Up] being pressed
[2019-11-24 05:36:48.645] [nemo] [debug] [engine/src/Controller.cpp:229] Found [Up] being pressed
[2019-11-24 05:36:48.679] [nemo] [debug] [engine/src/Controller.cpp:229] Found [Up] being pressed
[2019-11-24 05:36:48.712] [nemo] [debug] [engine/src/Controller.cpp:229] Found [Up] being pressed
[2019-11-24 05:36:48.746] [nemo] [debug] [engine/src/Controller.cpp:229] Found [Up] being pressed
[2019-11-24 05:36:48.779] [nemo] [debug] [engine/src/Controller.cpp:229] Found [Up] being pressed
[2019-11-24 05:36:48.813] [nemo] [debug] [engine/src/Controller.cpp:229] Found [Up] being pressed
[2019-11-24 05:36:48.846] [nemo] [debug] [engine/src/Controller.cpp:229] Found [Up] being pressed
[2019-11-24 05:36:48.879] [nemo] [debug] [engine/src/Controller.cpp:229] Found [Up] being pressed
[2019-11-24 05:36:48.912] [nemo] [debug] [engine/src/Controller.cpp:164] Key 22 released
[2019-11-24 05:36:49.176] [nemo] [debug] [engine/src/Controller.cpp:149] Key 3 pressed
[2019-11-24 05:36:49.177] [nemo] [debug] [engine/src/Controller.cpp:229] Found [Right] being pressed
[2019-11-24 05:36:49.209] [nemo] [debug] [engine/src/Controller.cpp:229] Found [Right] being pressed
[2019-11-24 05:36:49.242] [nemo] [debug] [engine/src/Controller.cpp:229] Found [Right] being pressed
[2019-11-24 05:36:49.275] [nemo] [debug] [engine/src/Controller.cpp:229] Found [Right] being pressed
[2019-11-24 05:36:49.308] [nemo] [debug] [engine/src/Controller.cpp:229] Found [Right] being pressed
[2019-11-24 05:36:49.341] [nemo] [debug] [engine/src/Controller.cpp:229] Found [Right] being pressed
[2019-11-24 05:36:49.375] [nemo] [debug] [engine/src/Controller.cpp:229] Found [Right] being pressed
[2019-11-24 05:36:49.408] [nemo] [debug] [engine/src/Controller.cpp:229] Found [Right] being pressed
[2019-11-24 05:36:49.441] [nemo] [debug] [engine/src/Controller.cpp:229] Found [Right] being pressed
[2019-11-24 05:36:49.474] [nemo] [debug] [engine/src/Controller.cpp:229] Found [Right] being pressed
[2019-11-24 05:36:49.507] [nemo] [debug] [engine/src/Controller.cpp:229] Found [Right] being pressed
[2019-11-24 05:36:49.541] [nemo] [debug] [engine/src/Controller.cpp:229] Found [Right] being pressed
[2019-11-24 05:36:49.575] [nemo] [debug] [engine/src/Controller.cpp:229] Found [Right] being pressed
[2019-11-24 05:36:49.609] [nemo] [debug] [engine/src/Controller.cpp:229] Found [Right] being pressed
[2019-11-24 05:36:49.643] [nemo] [debug] [engine/src/Controller.cpp:229] Found [Right] being pressed
[2019-11-24 05:36:49.677] [nemo] [debug] [engine/src/Controller.cpp:229] Found [Right] being pressed
[2019-11-24 05:36:49.710] [nemo] [debug] [engine/src/Controller.cpp:164] Key 3 released
[2019-11-24 05:36:50.107] [nemo] [debug] [engine/src/Controller.cpp:149] Key 18 pressed
[2019-11-24 05:36:50.108] [nemo] [debug] [engine/src/Controller.cpp:229] Found [Down] being pressed
[2019-11-24 05:36:50.140] [nemo] [debug] [engine/src/Controller.cpp:229] Found [Down] being pressed
[2019-11-24 05:36:50.173] [nemo] [debug] [engine/src/Controller.cpp:229] Found [Down] being pressed
[2019-11-24 05:36:50.207] [nemo] [debug] [engine/src/Controller.cpp:229] Found [Down] being pressed
[2019-11-24 05:36:50.240] [nemo] [debug] [engine/src/Controller.cpp:229] Found [Down] being pressed
[2019-11-24 05:36:50.273] [nemo] [debug] [engine/src/Controller.cpp:229] Found [Down] being pressed
[2019-11-24 05:36:50.306] [nemo] [debug] [engine/src/Controller.cpp:229] Found [Down] being pressed
[2019-11-24 05:36:50.339] [nemo] [debug] [engine/src/Controller.cpp:229] Found [Down] being pressed
[2019-11-24 05:36:50.373] [nemo] [debug] [engine/src/Controller.cpp:229] Found [Down] being pressed
[2019-11-24 05:36:50.407] [nemo] [debug] [engine/src/Controller.cpp:229] Found [Down] being pressed
[2019-11-24 05:36:50.441] [nemo] [debug] [engine/src/Controller.cpp:229] Found [Down] being pressed
[2019-11-24 05:36:50.474] [nemo] [debug] [engine/src/Controller.cpp:229] Found [Down] being pressed
[2019-11-24 05:36:50.507] [nemo] [debug] [engine/src/Controller.cpp:229] Found [Down] being pressed
[2019-11-24 05:36:50.541] [nemo] [debug] [engine/src/Controller.cpp:164] Key 18 released
[2019-11-24 05:36:52.631] [nemo] [info] [engine/src/Controller.cpp:284] Saved settings to C:\Users\ZheCheng\Documents\code\githubs\renemo\asset\controller\player.json
